TimeQuest Timing Analyzer report for RAM_MEMORY
Wed Dec 28 18:49:28 2016
Quartus II 64-Bit Version 13.0.1 Build 232 06/12/2013 Service Pack 1 SJ Web Edition


---------------------
; Table of Contents ;
---------------------
  1. Legal Notice
  2. TimeQuest Timing Analyzer Summary
  3. Parallel Compilation
  4. Clocks
  5. Slow 1200mV 85C Model Fmax Summary
  6. Timing Closure Recommendations
  7. Slow 1200mV 85C Model Setup Summary
  8. Slow 1200mV 85C Model Hold Summary
  9. Slow 1200mV 85C Model Recovery Summary
 10. Slow 1200mV 85C Model Removal Summary
 11. Slow 1200mV 85C Model Minimum Pulse Width Summary
 12. Propagation Delay
 13. Minimum Propagation Delay
 14. Slow 1200mV 85C Model Metastability Report
 15. Slow 1200mV 0C Model Fmax Summary
 16. Slow 1200mV 0C Model Setup Summary
 17. Slow 1200mV 0C Model Hold Summary
 18. Slow 1200mV 0C Model Recovery Summary
 19. Slow 1200mV 0C Model Removal Summary
 20. Slow 1200mV 0C Model Minimum Pulse Width Summary
 21. Propagation Delay
 22. Minimum Propagation Delay
 23. Slow 1200mV 0C Model Metastability Report
 24. Fast 1200mV 0C Model Setup Summary
 25. Fast 1200mV 0C Model Hold Summary
 26. Fast 1200mV 0C Model Recovery Summary
 27. Fast 1200mV 0C Model Removal Summary
 28. Fast 1200mV 0C Model Minimum Pulse Width Summary
 29. Propagation Delay
 30. Minimum Propagation Delay
 31. Fast 1200mV 0C Model Metastability Report
 32. Multicorner Timing Analysis Summary
 33. Progagation Delay
 34. Minimum Progagation Delay
 35. Board Trace Model Assignments
 36. Input Transition Times
 37. Slow Corner Signal Integrity Metrics
 38. Fast Corner Signal Integrity Metrics
 39. Clock Transfers
 40. Report TCCS
 41. Report RSKM
 42. Unconstrained Paths
 43. TimeQuest Timing Analyzer Messages



----------------
; Legal Notice ;
----------------
Copyright (C) 1991-2013 Altera Corporation
Your use of Altera Corporation's design tools, logic functions 
and other software and tools, and its AMPP partner logic 
functions, and any output files from any of the foregoing 
(including device programming or simulation files), and any 
associated documentation or information are expressly subject 
to the terms and conditions of the Altera Program License 
Subscription Agreement, Altera MegaCore Function License 
Agreement, or other applicable license agreement, including, 
without limitation, that your use is for the sole purpose of 
programming logic devices manufactured by Altera and sold by 
Altera or its authorized distributors.  Please refer to the 
applicable agreement for further details.



+----------------------------------------------------------------------------------------+
; TimeQuest Timing Analyzer Summary                                                      ;
+--------------------+-------------------------------------------------------------------+
; Quartus II Version ; Version 13.0.1 Build 232 06/12/2013 Service Pack 1 SJ Web Edition ;
; Revision Name      ; RAM_MEMORY                                                        ;
; Device Family      ; Cyclone III                                                       ;
; Device Name        ; EP3C16F484C6                                                      ;
; Timing Models      ; Final                                                             ;
; Delay Model        ; Combined                                                          ;
; Rise/Fall Delays   ; Enabled                                                           ;
+--------------------+-------------------------------------------------------------------+


Parallel compilation was disabled, but you have multiple processors available. Enable parallel compilation to reduce compilation time.
+-------------------------------------+
; Parallel Compilation                ;
+----------------------------+--------+
; Processors                 ; Number ;
+----------------------------+--------+
; Number detected on machine ; 4      ;
; Maximum allowed            ; 1      ;
+----------------------------+--------+


----------
; Clocks ;
----------
No clocks to report.


--------------------------------------
; Slow 1200mV 85C Model Fmax Summary ;
--------------------------------------
No paths to report.


----------------------------------
; Timing Closure Recommendations ;
----------------------------------
HTML report is unavailable in plain text report export.


---------------------------------------
; Slow 1200mV 85C Model Setup Summary ;
---------------------------------------
No paths to report.


--------------------------------------
; Slow 1200mV 85C Model Hold Summary ;
--------------------------------------
No paths to report.


------------------------------------------
; Slow 1200mV 85C Model Recovery Summary ;
------------------------------------------
No paths to report.


-----------------------------------------
; Slow 1200mV 85C Model Removal Summary ;
-----------------------------------------
No paths to report.


-----------------------------------------------------
; Slow 1200mV 85C Model Minimum Pulse Width Summary ;
-----------------------------------------------------
No paths to report.


+----------------------------------------------------------+
; Propagation Delay                                        ;
+------------+-------------+-------+-------+-------+-------+
; Input Port ; Output Port ; RR    ; RF    ; FR    ; FF    ;
+------------+-------------+-------+-------+-------+-------+
; ADDRESS[0] ; DATA[0]     ;       ; 7.262 ; 7.626 ;       ;
; ADDRESS[0] ; DATA[1]     ; 7.092 ; 7.114 ; 7.477 ; 7.531 ;
; ADDRESS[0] ; DATA[3]     ; 7.113 ; 7.160 ; 7.498 ; 7.577 ;
; ADDRESS[0] ; DATA[4]     ;       ; 6.977 ; 7.336 ;       ;
; ADDRESS[0] ; DATA[5]     ; 7.091 ; 7.127 ; 7.476 ; 7.544 ;
; ADDRESS[0] ; DATA[6]     ;       ; 7.237 ; 7.601 ;       ;
; ADDRESS[0] ; DATA[7]     ; 7.095 ; 7.134 ; 7.480 ; 7.551 ;
; ADDRESS[0] ; DATA[8]     ;       ; 6.937 ; 7.325 ;       ;
; ADDRESS[0] ; DATA[9]     ; 7.061 ; 7.097 ; 7.446 ; 7.514 ;
; ADDRESS[0] ; DATA[10]    ;       ; 8.223 ; 8.514 ;       ;
; ADDRESS[0] ; DATA[11]    ; 6.784 ; 6.802 ; 7.169 ; 7.219 ;
; ADDRESS[0] ; DATA[12]    ;       ; 6.834 ; 7.226 ;       ;
; ADDRESS[0] ; DATA[13]    ; 6.665 ;       ;       ; 7.074 ;
; ADDRESS[0] ; DATA[15]    ; 6.571 ; 6.523 ; 6.961 ; 6.947 ;
; ADDRESS[1] ; DATA[0]     ;       ; 6.807 ; 7.208 ;       ;
; ADDRESS[1] ; DATA[1]     ; 6.967 ; 6.956 ; 7.333 ; 7.416 ;
; ADDRESS[1] ; DATA[3]     ; 6.988 ; 7.002 ; 7.354 ; 7.462 ;
; ADDRESS[1] ; DATA[4]     ;       ; 6.522 ; 6.918 ;       ;
; ADDRESS[1] ; DATA[5]     ; 6.966 ; 6.969 ; 7.332 ; 7.429 ;
; ADDRESS[1] ; DATA[6]     ; 6.728 ;       ;       ; 7.188 ;
; ADDRESS[1] ; DATA[7]     ; 6.970 ; 6.976 ; 7.336 ; 7.436 ;
; ADDRESS[1] ; DATA[8]     ;       ; 6.482 ; 6.907 ;       ;
; ADDRESS[1] ; DATA[9]     ; 6.936 ; 6.939 ; 7.302 ; 7.399 ;
; ADDRESS[1] ; DATA[10]    ; 7.641 ;       ;       ; 8.174 ;
; ADDRESS[1] ; DATA[11]    ; 6.659 ; 6.644 ; 7.025 ; 7.104 ;
; ADDRESS[1] ; DATA[12]    ;       ; 6.379 ; 6.808 ;       ;
; ADDRESS[1] ; DATA[15]    ; 6.448 ; 6.408 ; 6.855 ; 6.834 ;
; ADDRESS[2] ; DATA[0]     ;       ; 7.155 ; 7.570 ;       ;
; ADDRESS[2] ; DATA[1]     ; 6.973 ; 6.997 ; 7.414 ; 7.429 ;
; ADDRESS[2] ; DATA[3]     ; 6.994 ; 7.043 ; 7.435 ; 7.475 ;
; ADDRESS[2] ; DATA[4]     ;       ; 6.870 ; 7.280 ;       ;
; ADDRESS[2] ; DATA[5]     ; 6.972 ; 7.010 ; 7.413 ; 7.442 ;
; ADDRESS[2] ; DATA[6]     ;       ; 7.130 ; 7.545 ;       ;
; ADDRESS[2] ; DATA[7]     ; 6.976 ; 7.017 ; 7.417 ; 7.449 ;
; ADDRESS[2] ; DATA[8]     ;       ; 6.830 ; 7.269 ;       ;
; ADDRESS[2] ; DATA[9]     ; 6.942 ; 6.980 ; 7.383 ; 7.412 ;
; ADDRESS[2] ; DATA[10]    ;       ; 8.116 ; 8.458 ;       ;
; ADDRESS[2] ; DATA[11]    ; 6.665 ; 6.685 ; 7.106 ; 7.117 ;
; ADDRESS[2] ; DATA[12]    ;       ; 6.727 ; 7.170 ;       ;
; ADDRESS[2] ; DATA[13]    ;       ; 6.545 ; 6.996 ;       ;
; ADDRESS[2] ; DATA[15]    ;       ; 6.413 ; 6.899 ;       ;
; ADDRESS[3] ; DATA[0]     ;       ; 7.430 ; 7.790 ;       ;
; ADDRESS[3] ; DATA[1]     ;       ; 7.286 ; 7.659 ;       ;
; ADDRESS[3] ; DATA[3]     ;       ; 7.332 ; 7.680 ;       ;
; ADDRESS[3] ; DATA[4]     ;       ; 7.145 ; 7.500 ;       ;
; ADDRESS[3] ; DATA[5]     ;       ; 7.299 ; 7.658 ;       ;
; ADDRESS[3] ; DATA[6]     ;       ; 7.405 ; 7.765 ;       ;
; ADDRESS[3] ; DATA[7]     ;       ; 7.306 ; 7.662 ;       ;
; ADDRESS[3] ; DATA[8]     ;       ; 7.105 ; 7.489 ;       ;
; ADDRESS[3] ; DATA[9]     ;       ; 7.269 ; 7.628 ;       ;
; ADDRESS[3] ; DATA[10]    ;       ; 8.391 ; 8.678 ;       ;
; ADDRESS[3] ; DATA[11]    ;       ; 6.974 ; 7.351 ;       ;
; ADDRESS[3] ; DATA[12]    ;       ; 7.002 ; 7.390 ;       ;
; ADDRESS[3] ; DATA[13]    ;       ; 6.792 ; 7.207 ;       ;
; ADDRESS[3] ; DATA[15]    ;       ; 6.700 ; 7.145 ;       ;
; ADDRESS[4] ; DATA[0]     ;       ; 7.118 ; 7.487 ;       ;
; ADDRESS[4] ; DATA[1]     ;       ; 6.518 ; 6.933 ;       ;
; ADDRESS[4] ; DATA[3]     ;       ; 6.564 ; 6.954 ;       ;
; ADDRESS[4] ; DATA[4]     ;       ; 6.833 ; 7.197 ;       ;
; ADDRESS[4] ; DATA[5]     ;       ; 6.531 ; 6.932 ;       ;
; ADDRESS[4] ; DATA[6]     ;       ; 7.093 ; 7.462 ;       ;
; ADDRESS[4] ; DATA[7]     ;       ; 6.538 ; 6.936 ;       ;
; ADDRESS[4] ; DATA[8]     ;       ; 6.793 ; 7.186 ;       ;
; ADDRESS[4] ; DATA[9]     ;       ; 6.501 ; 6.902 ;       ;
; ADDRESS[4] ; DATA[10]    ;       ; 8.079 ; 8.375 ;       ;
; ADDRESS[4] ; DATA[11]    ;       ; 6.206 ; 6.625 ;       ;
; ADDRESS[4] ; DATA[12]    ;       ; 6.690 ; 7.087 ;       ;
; ADDRESS[4] ; DATA[13]    ;       ; 6.488 ; 6.899 ;       ;
; ADDRESS[4] ; DATA[15]    ;       ; 6.031 ; 6.499 ;       ;
+------------+-------------+-------+-------+-------+-------+


+----------------------------------------------------------+
; Minimum Propagation Delay                                ;
+------------+-------------+-------+-------+-------+-------+
; Input Port ; Output Port ; RR    ; RF    ; FR    ; FF    ;
+------------+-------------+-------+-------+-------+-------+
; ADDRESS[0] ; DATA[0]     ;       ; 7.085 ; 7.441 ;       ;
; ADDRESS[0] ; DATA[1]     ; 6.922 ; 6.943 ; 7.297 ; 7.348 ;
; ADDRESS[0] ; DATA[3]     ; 6.941 ; 6.987 ; 7.316 ; 7.392 ;
; ADDRESS[0] ; DATA[4]     ;       ; 6.811 ; 7.162 ;       ;
; ADDRESS[0] ; DATA[5]     ; 6.920 ; 6.955 ; 7.295 ; 7.360 ;
; ADDRESS[0] ; DATA[6]     ;       ; 7.062 ; 7.416 ;       ;
; ADDRESS[0] ; DATA[7]     ; 6.924 ; 6.963 ; 7.299 ; 7.368 ;
; ADDRESS[0] ; DATA[8]     ;       ; 6.773 ; 7.151 ;       ;
; ADDRESS[0] ; DATA[9]     ; 6.890 ; 6.925 ; 7.265 ; 7.330 ;
; ADDRESS[0] ; DATA[10]    ;       ; 8.060 ; 8.340 ;       ;
; ADDRESS[0] ; DATA[11]    ; 6.626 ; 6.643 ; 7.001 ; 7.048 ;
; ADDRESS[0] ; DATA[12]    ;       ; 6.669 ; 7.054 ;       ;
; ADDRESS[0] ; DATA[13]    ; 6.515 ;       ;       ; 6.911 ;
; ADDRESS[0] ; DATA[15]    ; 6.420 ; 6.372 ; 6.800 ; 6.784 ;
; ADDRESS[1] ; DATA[0]     ;       ; 6.626 ; 7.006 ;       ;
; ADDRESS[1] ; DATA[1]     ; 6.802 ; 6.790 ; 7.160 ; 7.238 ;
; ADDRESS[1] ; DATA[3]     ; 6.821 ; 6.834 ; 7.179 ; 7.282 ;
; ADDRESS[1] ; DATA[4]     ;       ; 6.352 ; 6.727 ;       ;
; ADDRESS[1] ; DATA[5]     ; 6.800 ; 6.802 ; 7.158 ; 7.250 ;
; ADDRESS[1] ; DATA[6]     ; 6.560 ;       ;       ; 6.991 ;
; ADDRESS[1] ; DATA[7]     ; 6.804 ; 6.810 ; 7.162 ; 7.258 ;
; ADDRESS[1] ; DATA[8]     ;       ; 6.314 ; 6.716 ;       ;
; ADDRESS[1] ; DATA[9]     ; 6.770 ; 6.772 ; 7.128 ; 7.220 ;
; ADDRESS[1] ; DATA[10]    ; 7.484 ;       ;       ; 7.989 ;
; ADDRESS[1] ; DATA[11]    ; 6.506 ; 6.490 ; 6.864 ; 6.938 ;
; ADDRESS[1] ; DATA[12]    ;       ; 6.210 ; 6.619 ;       ;
; ADDRESS[1] ; DATA[15]    ; 6.303 ; 6.262 ; 6.698 ; 6.676 ;
; ADDRESS[2] ; DATA[0]     ;       ; 6.981 ; 7.386 ;       ;
; ADDRESS[2] ; DATA[1]     ; 6.807 ; 6.829 ; 7.235 ; 7.248 ;
; ADDRESS[2] ; DATA[3]     ; 6.826 ; 6.873 ; 7.254 ; 7.292 ;
; ADDRESS[2] ; DATA[4]     ;       ; 6.707 ; 7.107 ;       ;
; ADDRESS[2] ; DATA[5]     ; 6.805 ; 6.841 ; 7.233 ; 7.260 ;
; ADDRESS[2] ; DATA[6]     ;       ; 6.958 ; 7.361 ;       ;
; ADDRESS[2] ; DATA[7]     ; 6.809 ; 6.849 ; 7.237 ; 7.268 ;
; ADDRESS[2] ; DATA[8]     ;       ; 6.669 ; 7.096 ;       ;
; ADDRESS[2] ; DATA[9]     ; 6.775 ; 6.811 ; 7.203 ; 7.230 ;
; ADDRESS[2] ; DATA[10]    ;       ; 7.956 ; 8.285 ;       ;
; ADDRESS[2] ; DATA[11]    ; 6.511 ; 6.529 ; 6.939 ; 6.948 ;
; ADDRESS[2] ; DATA[12]    ;       ; 6.565 ; 6.999 ;       ;
; ADDRESS[2] ; DATA[13]    ;       ; 6.397 ; 6.836 ;       ;
; ADDRESS[2] ; DATA[15]    ;       ; 6.265 ; 6.739 ;       ;
; ADDRESS[3] ; DATA[0]     ;       ; 7.245 ; 7.597 ;       ;
; ADDRESS[3] ; DATA[1]     ;       ; 7.039 ; 7.403 ;       ;
; ADDRESS[3] ; DATA[3]     ;       ; 7.083 ; 7.422 ;       ;
; ADDRESS[3] ; DATA[4]     ;       ; 6.971 ; 7.318 ;       ;
; ADDRESS[3] ; DATA[5]     ;       ; 7.051 ; 7.401 ;       ;
; ADDRESS[3] ; DATA[6]     ;       ; 7.222 ; 7.572 ;       ;
; ADDRESS[3] ; DATA[7]     ;       ; 7.059 ; 7.405 ;       ;
; ADDRESS[3] ; DATA[8]     ;       ; 6.933 ; 7.307 ;       ;
; ADDRESS[3] ; DATA[9]     ;       ; 7.021 ; 7.371 ;       ;
; ADDRESS[3] ; DATA[10]    ;       ; 8.220 ; 8.496 ;       ;
; ADDRESS[3] ; DATA[11]    ;       ; 6.739 ; 7.107 ;       ;
; ADDRESS[3] ; DATA[12]    ;       ; 6.829 ; 7.210 ;       ;
; ADDRESS[3] ; DATA[13]    ;       ; 6.634 ; 7.037 ;       ;
; ADDRESS[3] ; DATA[15]    ;       ; 6.503 ; 6.942 ;       ;
; ADDRESS[4] ; DATA[0]     ;       ; 6.945 ; 7.306 ;       ;
; ADDRESS[4] ; DATA[1]     ;       ; 6.307 ; 6.714 ;       ;
; ADDRESS[4] ; DATA[3]     ;       ; 6.351 ; 6.733 ;       ;
; ADDRESS[4] ; DATA[4]     ;       ; 6.671 ; 7.027 ;       ;
; ADDRESS[4] ; DATA[5]     ;       ; 6.319 ; 6.712 ;       ;
; ADDRESS[4] ; DATA[6]     ;       ; 6.922 ; 7.281 ;       ;
; ADDRESS[4] ; DATA[7]     ;       ; 6.327 ; 6.716 ;       ;
; ADDRESS[4] ; DATA[8]     ;       ; 6.633 ; 7.016 ;       ;
; ADDRESS[4] ; DATA[9]     ;       ; 6.289 ; 6.682 ;       ;
; ADDRESS[4] ; DATA[10]    ;       ; 7.920 ; 8.205 ;       ;
; ADDRESS[4] ; DATA[11]    ;       ; 6.007 ; 6.418 ;       ;
; ADDRESS[4] ; DATA[12]    ;       ; 6.529 ; 6.919 ;       ;
; ADDRESS[4] ; DATA[13]    ;       ; 6.342 ; 6.742 ;       ;
; ADDRESS[4] ; DATA[15]    ;       ; 5.875 ; 6.321 ;       ;
+------------+-------------+-------+-------+-------+-------+


----------------------------------------------
; Slow 1200mV 85C Model Metastability Report ;
----------------------------------------------
No synchronizer chains to report.


-------------------------------------
; Slow 1200mV 0C Model Fmax Summary ;
-------------------------------------
No paths to report.


--------------------------------------
; Slow 1200mV 0C Model Setup Summary ;
--------------------------------------
No paths to report.


-------------------------------------
; Slow 1200mV 0C Model Hold Summary ;
-------------------------------------
No paths to report.


-----------------------------------------
; Slow 1200mV 0C Model Recovery Summary ;
-----------------------------------------
No paths to report.


----------------------------------------
; Slow 1200mV 0C Model Removal Summary ;
----------------------------------------
No paths to report.


----------------------------------------------------
; Slow 1200mV 0C Model Minimum Pulse Width Summary ;
----------------------------------------------------
No paths to report.


+----------------------------------------------------------+
; Propagation Delay                                        ;
+------------+-------------+-------+-------+-------+-------+
; Input Port ; Output Port ; RR    ; RF    ; FR    ; FF    ;
+------------+-------------+-------+-------+-------+-------+
; ADDRESS[0] ; DATA[0]     ;       ; 6.696 ; 7.050 ;       ;
; ADDRESS[0] ; DATA[1]     ; 6.585 ; 6.583 ; 6.908 ; 6.936 ;
; ADDRESS[0] ; DATA[3]     ; 6.604 ; 6.623 ; 6.927 ; 6.976 ;
; ADDRESS[0] ; DATA[4]     ;       ; 6.446 ; 6.782 ;       ;
; ADDRESS[0] ; DATA[5]     ; 6.585 ; 6.594 ; 6.908 ; 6.947 ;
; ADDRESS[0] ; DATA[6]     ;       ; 6.675 ; 7.026 ;       ;
; ADDRESS[0] ; DATA[7]     ; 6.589 ; 6.601 ; 6.912 ; 6.954 ;
; ADDRESS[0] ; DATA[8]     ;       ; 6.415 ; 6.769 ;       ;
; ADDRESS[0] ; DATA[9]     ; 6.555 ; 6.564 ; 6.878 ; 6.917 ;
; ADDRESS[0] ; DATA[10]    ;       ; 7.706 ; 7.960 ;       ;
; ADDRESS[0] ; DATA[11]    ; 6.304 ; 6.303 ; 6.627 ; 6.656 ;
; ADDRESS[0] ; DATA[12]    ;       ; 6.307 ; 6.678 ;       ;
; ADDRESS[0] ; DATA[13]    ; 6.198 ;       ;       ; 6.520 ;
; ADDRESS[0] ; DATA[15]    ; 6.104 ; 6.036 ; 6.433 ; 6.395 ;
; ADDRESS[1] ; DATA[0]     ;       ; 6.276 ; 6.666 ;       ;
; ADDRESS[1] ; DATA[1]     ; 6.460 ; 6.429 ; 6.778 ; 6.833 ;
; ADDRESS[1] ; DATA[3]     ; 6.479 ; 6.469 ; 6.797 ; 6.873 ;
; ADDRESS[1] ; DATA[4]     ;       ; 6.026 ; 6.398 ;       ;
; ADDRESS[1] ; DATA[5]     ; 6.460 ; 6.440 ; 6.778 ; 6.844 ;
; ADDRESS[1] ; DATA[6]     ; 6.246 ;       ;       ; 6.609 ;
; ADDRESS[1] ; DATA[7]     ; 6.464 ; 6.447 ; 6.782 ; 6.851 ;
; ADDRESS[1] ; DATA[8]     ;       ; 5.995 ; 6.385 ;       ;
; ADDRESS[1] ; DATA[9]     ; 6.430 ; 6.410 ; 6.748 ; 6.814 ;
; ADDRESS[1] ; DATA[10]    ; 7.180 ;       ;       ; 7.640 ;
; ADDRESS[1] ; DATA[11]    ; 6.179 ; 6.149 ; 6.497 ; 6.553 ;
; ADDRESS[1] ; DATA[12]    ;       ; 5.887 ; 6.294 ;       ;
; ADDRESS[1] ; DATA[15]    ; 5.981 ; 5.923 ; 6.338 ; 6.294 ;
; ADDRESS[2] ; DATA[0]     ;       ; 6.602 ; 6.995 ;       ;
; ADDRESS[2] ; DATA[1]     ; 6.480 ; 6.480 ; 6.847 ; 6.839 ;
; ADDRESS[2] ; DATA[3]     ; 6.499 ; 6.520 ; 6.866 ; 6.879 ;
; ADDRESS[2] ; DATA[4]     ;       ; 6.352 ; 6.727 ;       ;
; ADDRESS[2] ; DATA[5]     ; 6.480 ; 6.491 ; 6.847 ; 6.850 ;
; ADDRESS[2] ; DATA[6]     ;       ; 6.581 ; 6.971 ;       ;
; ADDRESS[2] ; DATA[7]     ; 6.484 ; 6.498 ; 6.851 ; 6.857 ;
; ADDRESS[2] ; DATA[8]     ;       ; 6.321 ; 6.714 ;       ;
; ADDRESS[2] ; DATA[9]     ; 6.450 ; 6.461 ; 6.817 ; 6.820 ;
; ADDRESS[2] ; DATA[10]    ;       ; 7.612 ; 7.905 ;       ;
; ADDRESS[2] ; DATA[11]    ; 6.199 ; 6.200 ; 6.566 ; 6.559 ;
; ADDRESS[2] ; DATA[12]    ;       ; 6.213 ; 6.623 ;       ;
; ADDRESS[2] ; DATA[13]    ;       ; 6.070 ; 6.468 ;       ;
; ADDRESS[2] ; DATA[15]    ;       ; 5.940 ; 6.372 ;       ;
; ADDRESS[3] ; DATA[0]     ;       ; 6.835 ; 7.184 ;       ;
; ADDRESS[3] ; DATA[1]     ;       ; 6.723 ; 7.061 ;       ;
; ADDRESS[3] ; DATA[3]     ;       ; 6.763 ; 7.080 ;       ;
; ADDRESS[3] ; DATA[4]     ;       ; 6.585 ; 6.916 ;       ;
; ADDRESS[3] ; DATA[5]     ;       ; 6.734 ; 7.061 ;       ;
; ADDRESS[3] ; DATA[6]     ;       ; 6.814 ; 7.160 ;       ;
; ADDRESS[3] ; DATA[7]     ;       ; 6.741 ; 7.065 ;       ;
; ADDRESS[3] ; DATA[8]     ;       ; 6.554 ; 6.903 ;       ;
; ADDRESS[3] ; DATA[9]     ;       ; 6.704 ; 7.031 ;       ;
; ADDRESS[3] ; DATA[10]    ;       ; 7.845 ; 8.094 ;       ;
; ADDRESS[3] ; DATA[11]    ;       ; 6.443 ; 6.780 ;       ;
; ADDRESS[3] ; DATA[12]    ;       ; 6.446 ; 6.812 ;       ;
; ADDRESS[3] ; DATA[13]    ;       ; 6.281 ; 6.651 ;       ;
; ADDRESS[3] ; DATA[15]    ;       ; 6.181 ; 6.582 ;       ;
; ADDRESS[4] ; DATA[0]     ;       ; 6.549 ; 6.917 ;       ;
; ADDRESS[4] ; DATA[1]     ;       ; 6.029 ; 6.411 ;       ;
; ADDRESS[4] ; DATA[3]     ;       ; 6.069 ; 6.430 ;       ;
; ADDRESS[4] ; DATA[4]     ;       ; 6.299 ; 6.649 ;       ;
; ADDRESS[4] ; DATA[5]     ;       ; 6.040 ; 6.411 ;       ;
; ADDRESS[4] ; DATA[6]     ;       ; 6.528 ; 6.893 ;       ;
; ADDRESS[4] ; DATA[7]     ;       ; 6.047 ; 6.415 ;       ;
; ADDRESS[4] ; DATA[8]     ;       ; 6.268 ; 6.636 ;       ;
; ADDRESS[4] ; DATA[9]     ;       ; 6.010 ; 6.381 ;       ;
; ADDRESS[4] ; DATA[10]    ;       ; 7.559 ; 7.827 ;       ;
; ADDRESS[4] ; DATA[11]    ;       ; 5.749 ; 6.130 ;       ;
; ADDRESS[4] ; DATA[12]    ;       ; 6.160 ; 6.545 ;       ;
; ADDRESS[4] ; DATA[13]    ;       ; 6.001 ; 6.380 ;       ;
; ADDRESS[4] ; DATA[15]    ;       ; 5.578 ; 6.003 ;       ;
+------------+-------------+-------+-------+-------+-------+


+----------------------------------------------------------+
; Minimum Propagation Delay                                ;
+------------+-------------+-------+-------+-------+-------+
; Input Port ; Output Port ; RR    ; RF    ; FR    ; FF    ;
+------------+-------------+-------+-------+-------+-------+
; ADDRESS[0] ; DATA[0]     ;       ; 6.547 ; 6.891 ;       ;
; ADDRESS[0] ; DATA[1]     ; 6.439 ; 6.437 ; 6.754 ; 6.780 ;
; ADDRESS[0] ; DATA[3]     ; 6.457 ; 6.474 ; 6.772 ; 6.817 ;
; ADDRESS[0] ; DATA[4]     ;       ; 6.306 ; 6.633 ;       ;
; ADDRESS[0] ; DATA[5]     ; 6.438 ; 6.446 ; 6.753 ; 6.789 ;
; ADDRESS[0] ; DATA[6]     ;       ; 6.525 ; 6.868 ;       ;
; ADDRESS[0] ; DATA[7]     ; 6.442 ; 6.453 ; 6.757 ; 6.796 ;
; ADDRESS[0] ; DATA[8]     ;       ; 6.276 ; 6.620 ;       ;
; ADDRESS[0] ; DATA[9]     ; 6.408 ; 6.416 ; 6.723 ; 6.759 ;
; ADDRESS[0] ; DATA[10]    ;       ; 7.567 ; 7.812 ;       ;
; ADDRESS[0] ; DATA[11]    ; 6.169 ; 6.167 ; 6.484 ; 6.510 ;
; ADDRESS[0] ; DATA[12]    ;       ; 6.168 ; 6.530 ;       ;
; ADDRESS[0] ; DATA[13]    ; 6.069 ;       ;       ; 6.382 ;
; ADDRESS[0] ; DATA[15]    ; 5.975 ; 5.908 ; 6.296 ; 6.258 ;
; ADDRESS[1] ; DATA[0]     ;       ; 6.125 ; 6.494 ;       ;
; ADDRESS[1] ; DATA[1]     ; 6.319 ; 6.290 ; 6.630 ; 6.682 ;
; ADDRESS[1] ; DATA[3]     ; 6.337 ; 6.327 ; 6.648 ; 6.719 ;
; ADDRESS[1] ; DATA[4]     ;       ; 5.884 ; 6.236 ;       ;
; ADDRESS[1] ; DATA[5]     ; 6.318 ; 6.299 ; 6.629 ; 6.691 ;
; ADDRESS[1] ; DATA[6]     ; 6.100 ;       ;       ; 6.442 ;
; ADDRESS[1] ; DATA[7]     ; 6.322 ; 6.306 ; 6.633 ; 6.698 ;
; ADDRESS[1] ; DATA[8]     ;       ; 5.854 ; 6.223 ;       ;
; ADDRESS[1] ; DATA[9]     ; 6.288 ; 6.269 ; 6.599 ; 6.661 ;
; ADDRESS[1] ; DATA[10]    ; 7.044 ;       ;       ; 7.484 ;
; ADDRESS[1] ; DATA[11]    ; 6.049 ; 6.020 ; 6.360 ; 6.412 ;
; ADDRESS[1] ; DATA[12]    ;       ; 5.746 ; 6.133 ;       ;
; ADDRESS[1] ; DATA[15]    ; 5.857 ; 5.800 ; 6.206 ; 6.161 ;
; ADDRESS[2] ; DATA[0]     ;       ; 6.455 ; 6.837 ;       ;
; ADDRESS[2] ; DATA[1]     ; 6.337 ; 6.337 ; 6.694 ; 6.688 ;
; ADDRESS[2] ; DATA[3]     ; 6.355 ; 6.374 ; 6.712 ; 6.725 ;
; ADDRESS[2] ; DATA[4]     ;       ; 6.214 ; 6.579 ;       ;
; ADDRESS[2] ; DATA[5]     ; 6.336 ; 6.346 ; 6.693 ; 6.697 ;
; ADDRESS[2] ; DATA[6]     ;       ; 6.433 ; 6.814 ;       ;
; ADDRESS[2] ; DATA[7]     ; 6.340 ; 6.353 ; 6.697 ; 6.704 ;
; ADDRESS[2] ; DATA[8]     ;       ; 6.184 ; 6.566 ;       ;
; ADDRESS[2] ; DATA[9]     ; 6.306 ; 6.316 ; 6.663 ; 6.667 ;
; ADDRESS[2] ; DATA[10]    ;       ; 7.475 ; 7.758 ;       ;
; ADDRESS[2] ; DATA[11]    ; 6.067 ; 6.067 ; 6.424 ; 6.418 ;
; ADDRESS[2] ; DATA[12]    ;       ; 6.076 ; 6.476 ;       ;
; ADDRESS[2] ; DATA[13]    ;       ; 5.944 ; 6.332 ;       ;
; ADDRESS[2] ; DATA[15]    ;       ; 5.814 ; 6.235 ;       ;
; ADDRESS[3] ; DATA[0]     ;       ; 6.680 ; 7.017 ;       ;
; ADDRESS[3] ; DATA[1]     ;       ; 6.514 ; 6.838 ;       ;
; ADDRESS[3] ; DATA[3]     ;       ; 6.551 ; 6.856 ;       ;
; ADDRESS[3] ; DATA[4]     ;       ; 6.439 ; 6.759 ;       ;
; ADDRESS[3] ; DATA[5]     ;       ; 6.523 ; 6.837 ;       ;
; ADDRESS[3] ; DATA[6]     ;       ; 6.658 ; 6.994 ;       ;
; ADDRESS[3] ; DATA[7]     ;       ; 6.530 ; 6.841 ;       ;
; ADDRESS[3] ; DATA[8]     ;       ; 6.409 ; 6.746 ;       ;
; ADDRESS[3] ; DATA[9]     ;       ; 6.493 ; 6.807 ;       ;
; ADDRESS[3] ; DATA[10]    ;       ; 7.700 ; 7.938 ;       ;
; ADDRESS[3] ; DATA[11]    ;       ; 6.244 ; 6.568 ;       ;
; ADDRESS[3] ; DATA[12]    ;       ; 6.301 ; 6.656 ;       ;
; ADDRESS[3] ; DATA[13]    ;       ; 6.147 ; 6.508 ;       ;
; ADDRESS[3] ; DATA[15]    ;       ; 6.018 ; 6.409 ;       ;
; ADDRESS[4] ; DATA[0]     ;       ; 6.405 ; 6.760 ;       ;
; ADDRESS[4] ; DATA[1]     ;       ; 5.851 ; 6.222 ;       ;
; ADDRESS[4] ; DATA[3]     ;       ; 5.888 ; 6.240 ;       ;
; ADDRESS[4] ; DATA[4]     ;       ; 6.164 ; 6.502 ;       ;
; ADDRESS[4] ; DATA[5]     ;       ; 5.860 ; 6.221 ;       ;
; ADDRESS[4] ; DATA[6]     ;       ; 6.383 ; 6.737 ;       ;
; ADDRESS[4] ; DATA[7]     ;       ; 5.867 ; 6.225 ;       ;
; ADDRESS[4] ; DATA[8]     ;       ; 6.134 ; 6.489 ;       ;
; ADDRESS[4] ; DATA[9]     ;       ; 5.830 ; 6.191 ;       ;
; ADDRESS[4] ; DATA[10]    ;       ; 7.425 ; 7.681 ;       ;
; ADDRESS[4] ; DATA[11]    ;       ; 5.581 ; 5.952 ;       ;
; ADDRESS[4] ; DATA[12]    ;       ; 6.026 ; 6.399 ;       ;
; ADDRESS[4] ; DATA[13]    ;       ; 5.878 ; 6.248 ;       ;
; ADDRESS[4] ; DATA[15]    ;       ; 5.449 ; 5.853 ;       ;
+------------+-------------+-------+-------+-------+-------+


---------------------------------------------
; Slow 1200mV 0C Model Metastability Report ;
---------------------------------------------
No synchronizer chains to report.


--------------------------------------
; Fast 1200mV 0C Model Setup Summary ;
--------------------------------------
No paths to report.


-------------------------------------
; Fast 1200mV 0C Model Hold Summary ;
-------------------------------------
No paths to report.


-----------------------------------------
; Fast 1200mV 0C Model Recovery Summary ;
-----------------------------------------
No paths to report.


----------------------------------------
; Fast 1200mV 0C Model Removal Summary ;
----------------------------------------
No paths to report.


----------------------------------------------------
; Fast 1200mV 0C Model Minimum Pulse Width Summary ;
----------------------------------------------------
No paths to report.


+----------------------------------------------------------+
; Propagation Delay                                        ;
+------------+-------------+-------+-------+-------+-------+
; Input Port ; Output Port ; RR    ; RF    ; FR    ; FF    ;
+------------+-------------+-------+-------+-------+-------+
; ADDRESS[0] ; DATA[0]     ;       ; 4.378 ; 4.869 ;       ;
; ADDRESS[0] ; DATA[1]     ; 4.234 ; 4.282 ; 4.785 ; 4.852 ;
; ADDRESS[0] ; DATA[3]     ; 4.252 ; 4.305 ; 4.803 ; 4.875 ;
; ADDRESS[0] ; DATA[4]     ;       ; 4.189 ; 4.701 ;       ;
; ADDRESS[0] ; DATA[5]     ; 4.236 ; 4.287 ; 4.787 ; 4.857 ;
; ADDRESS[0] ; DATA[6]     ;       ; 4.358 ; 4.859 ;       ;
; ADDRESS[0] ; DATA[7]     ; 4.248 ; 4.294 ; 4.799 ; 4.864 ;
; ADDRESS[0] ; DATA[8]     ;       ; 4.165 ; 4.673 ;       ;
; ADDRESS[0] ; DATA[9]     ; 4.206 ; 4.257 ; 4.757 ; 4.827 ;
; ADDRESS[0] ; DATA[10]    ;       ; 5.113 ; 5.486 ;       ;
; ADDRESS[0] ; DATA[11]    ; 4.054 ; 4.080 ; 4.605 ; 4.650 ;
; ADDRESS[0] ; DATA[12]    ;       ; 4.099 ; 4.580 ;       ;
; ADDRESS[0] ; DATA[13]    ; 4.013 ;       ;       ; 4.597 ;
; ADDRESS[0] ; DATA[15]    ; 3.869 ; 3.913 ; 4.422 ; 4.485 ;
; ADDRESS[1] ; DATA[0]     ;       ; 4.122 ; 4.639 ;       ;
; ADDRESS[1] ; DATA[1]     ; 4.163 ; 4.187 ; 4.690 ; 4.767 ;
; ADDRESS[1] ; DATA[3]     ; 4.181 ; 4.210 ; 4.708 ; 4.790 ;
; ADDRESS[1] ; DATA[4]     ;       ; 3.933 ; 4.471 ;       ;
; ADDRESS[1] ; DATA[5]     ; 4.165 ; 4.192 ; 4.692 ; 4.772 ;
; ADDRESS[1] ; DATA[6]     ; 4.045 ;       ;       ; 4.654 ;
; ADDRESS[1] ; DATA[7]     ; 4.177 ; 4.199 ; 4.704 ; 4.779 ;
; ADDRESS[1] ; DATA[8]     ;       ; 3.909 ; 4.443 ;       ;
; ADDRESS[1] ; DATA[9]     ; 4.135 ; 4.162 ; 4.662 ; 4.742 ;
; ADDRESS[1] ; DATA[10]    ; 4.672 ;       ;       ; 5.409 ;
; ADDRESS[1] ; DATA[11]    ; 3.983 ; 3.985 ; 4.510 ; 4.565 ;
; ADDRESS[1] ; DATA[12]    ;       ; 3.843 ; 4.350 ;       ;
; ADDRESS[1] ; DATA[15]    ; 3.798 ; 3.840 ; 4.350 ; 4.401 ;
; ADDRESS[2] ; DATA[0]     ;       ; 4.320 ; 4.833 ;       ;
; ADDRESS[2] ; DATA[1]     ; 4.165 ; 4.216 ; 4.741 ; 4.785 ;
; ADDRESS[2] ; DATA[3]     ; 4.183 ; 4.239 ; 4.759 ; 4.808 ;
; ADDRESS[2] ; DATA[4]     ;       ; 4.131 ; 4.665 ;       ;
; ADDRESS[2] ; DATA[5]     ; 4.167 ; 4.221 ; 4.743 ; 4.790 ;
; ADDRESS[2] ; DATA[6]     ;       ; 4.300 ; 4.823 ;       ;
; ADDRESS[2] ; DATA[7]     ; 4.179 ; 4.228 ; 4.755 ; 4.797 ;
; ADDRESS[2] ; DATA[8]     ;       ; 4.107 ; 4.637 ;       ;
; ADDRESS[2] ; DATA[9]     ; 4.137 ; 4.191 ; 4.713 ; 4.760 ;
; ADDRESS[2] ; DATA[10]    ;       ; 5.055 ; 5.450 ;       ;
; ADDRESS[2] ; DATA[11]    ; 3.985 ; 4.014 ; 4.561 ; 4.583 ;
; ADDRESS[2] ; DATA[12]    ;       ; 4.041 ; 4.544 ;       ;
; ADDRESS[2] ; DATA[13]    ;       ; 3.967 ; 4.528 ;       ;
; ADDRESS[2] ; DATA[15]    ;       ; 3.849 ; 4.378 ;       ;
; ADDRESS[3] ; DATA[0]     ;       ; 4.438 ; 4.954 ;       ;
; ADDRESS[3] ; DATA[1]     ;       ; 4.348 ; 4.881 ;       ;
; ADDRESS[3] ; DATA[3]     ;       ; 4.371 ; 4.899 ;       ;
; ADDRESS[3] ; DATA[4]     ;       ; 4.249 ; 4.786 ;       ;
; ADDRESS[3] ; DATA[5]     ;       ; 4.353 ; 4.883 ;       ;
; ADDRESS[3] ; DATA[6]     ;       ; 4.418 ; 4.944 ;       ;
; ADDRESS[3] ; DATA[7]     ;       ; 4.360 ; 4.895 ;       ;
; ADDRESS[3] ; DATA[8]     ;       ; 4.225 ; 4.758 ;       ;
; ADDRESS[3] ; DATA[9]     ;       ; 4.323 ; 4.853 ;       ;
; ADDRESS[3] ; DATA[10]    ;       ; 5.173 ; 5.571 ;       ;
; ADDRESS[3] ; DATA[11]    ;       ; 4.146 ; 4.701 ;       ;
; ADDRESS[3] ; DATA[12]    ;       ; 4.159 ; 4.665 ;       ;
; ADDRESS[3] ; DATA[13]    ;       ; 4.075 ; 4.647 ;       ;
; ADDRESS[3] ; DATA[15]    ;       ; 3.979 ; 4.517 ;       ;
; ADDRESS[4] ; DATA[0]     ;       ; 4.267 ; 4.754 ;       ;
; ADDRESS[4] ; DATA[1]     ;       ; 3.929 ; 4.461 ;       ;
; ADDRESS[4] ; DATA[3]     ;       ; 3.952 ; 4.479 ;       ;
; ADDRESS[4] ; DATA[4]     ;       ; 4.078 ; 4.586 ;       ;
; ADDRESS[4] ; DATA[5]     ;       ; 3.934 ; 4.463 ;       ;
; ADDRESS[4] ; DATA[6]     ;       ; 4.247 ; 4.744 ;       ;
; ADDRESS[4] ; DATA[7]     ;       ; 3.941 ; 4.475 ;       ;
; ADDRESS[4] ; DATA[8]     ;       ; 4.054 ; 4.558 ;       ;
; ADDRESS[4] ; DATA[9]     ;       ; 3.904 ; 4.433 ;       ;
; ADDRESS[4] ; DATA[10]    ;       ; 5.002 ; 5.371 ;       ;
; ADDRESS[4] ; DATA[11]    ;       ; 3.727 ; 4.281 ;       ;
; ADDRESS[4] ; DATA[12]    ;       ; 3.988 ; 4.465 ;       ;
; ADDRESS[4] ; DATA[13]    ;       ; 3.905 ; 4.443 ;       ;
; ADDRESS[4] ; DATA[15]    ;       ; 3.612 ; 4.140 ;       ;
+------------+-------------+-------+-------+-------+-------+


+----------------------------------------------------------+
; Minimum Propagation Delay                                ;
+------------+-------------+-------+-------+-------+-------+
; Input Port ; Output Port ; RR    ; RF    ; FR    ; FF    ;
+------------+-------------+-------+-------+-------+-------+
; ADDRESS[0] ; DATA[0]     ;       ; 4.274 ; 4.762 ;       ;
; ADDRESS[0] ; DATA[1]     ; 4.137 ; 4.183 ; 4.682 ; 4.747 ;
; ADDRESS[0] ; DATA[3]     ; 4.154 ; 4.204 ; 4.699 ; 4.768 ;
; ADDRESS[0] ; DATA[4]     ;       ; 4.093 ; 4.601 ;       ;
; ADDRESS[0] ; DATA[5]     ; 4.139 ; 4.187 ; 4.684 ; 4.751 ;
; ADDRESS[0] ; DATA[6]     ;       ; 4.255 ; 4.752 ;       ;
; ADDRESS[0] ; DATA[7]     ; 4.150 ; 4.194 ; 4.695 ; 4.758 ;
; ADDRESS[0] ; DATA[8]     ;       ; 4.070 ; 4.574 ;       ;
; ADDRESS[0] ; DATA[9]     ; 4.109 ; 4.157 ; 4.654 ; 4.721 ;
; ADDRESS[0] ; DATA[10]    ;       ; 5.018 ; 5.386 ;       ;
; ADDRESS[0] ; DATA[11]    ; 3.964 ; 3.988 ; 4.509 ; 4.552 ;
; ADDRESS[0] ; DATA[12]    ;       ; 4.003 ; 4.480 ;       ;
; ADDRESS[0] ; DATA[13]    ; 3.925 ;       ;       ; 4.502 ;
; ADDRESS[0] ; DATA[15]    ; 3.781 ; 3.826 ; 4.328 ; 4.392 ;
; ADDRESS[1] ; DATA[0]     ;       ; 4.014 ; 4.517 ;       ;
; ADDRESS[1] ; DATA[1]     ; 4.069 ; 4.092 ; 4.590 ; 4.665 ;
; ADDRESS[1] ; DATA[3]     ; 4.086 ; 4.113 ; 4.607 ; 4.686 ;
; ADDRESS[1] ; DATA[4]     ;       ; 3.833 ; 4.356 ;       ;
; ADDRESS[1] ; DATA[5]     ; 4.071 ; 4.096 ; 4.592 ; 4.669 ;
; ADDRESS[1] ; DATA[6]     ; 3.948 ;       ;       ; 4.536 ;
; ADDRESS[1] ; DATA[7]     ; 4.082 ; 4.103 ; 4.603 ; 4.676 ;
; ADDRESS[1] ; DATA[8]     ;       ; 3.810 ; 4.329 ;       ;
; ADDRESS[1] ; DATA[9]     ; 4.041 ; 4.066 ; 4.562 ; 4.639 ;
; ADDRESS[1] ; DATA[10]    ; 4.582 ;       ;       ; 5.299 ;
; ADDRESS[1] ; DATA[11]    ; 3.896 ; 3.897 ; 4.417 ; 4.470 ;
; ADDRESS[1] ; DATA[12]    ;       ; 3.743 ; 4.235 ;       ;
; ADDRESS[1] ; DATA[15]    ; 3.713 ; 3.756 ; 4.259 ; 4.311 ;
; ADDRESS[2] ; DATA[0]     ;       ; 4.218 ; 4.726 ;       ;
; ADDRESS[2] ; DATA[1]     ; 4.069 ; 4.119 ; 4.639 ; 4.682 ;
; ADDRESS[2] ; DATA[3]     ; 4.086 ; 4.140 ; 4.656 ; 4.703 ;
; ADDRESS[2] ; DATA[4]     ;       ; 4.037 ; 4.565 ;       ;
; ADDRESS[2] ; DATA[5]     ; 4.071 ; 4.123 ; 4.641 ; 4.686 ;
; ADDRESS[2] ; DATA[6]     ;       ; 4.199 ; 4.716 ;       ;
; ADDRESS[2] ; DATA[7]     ; 4.082 ; 4.130 ; 4.652 ; 4.693 ;
; ADDRESS[2] ; DATA[8]     ;       ; 4.014 ; 4.538 ;       ;
; ADDRESS[2] ; DATA[9]     ; 4.041 ; 4.093 ; 4.611 ; 4.656 ;
; ADDRESS[2] ; DATA[10]    ;       ; 4.962 ; 5.350 ;       ;
; ADDRESS[2] ; DATA[11]    ; 3.896 ; 3.924 ; 4.466 ; 4.487 ;
; ADDRESS[2] ; DATA[12]    ;       ; 3.947 ; 4.444 ;       ;
; ADDRESS[2] ; DATA[13]    ;       ; 3.880 ; 4.434 ;       ;
; ADDRESS[2] ; DATA[15]    ;       ; 3.764 ; 4.285 ;       ;
; ADDRESS[3] ; DATA[0]     ;       ; 4.330 ; 4.843 ;       ;
; ADDRESS[3] ; DATA[1]     ;       ; 4.204 ; 4.731 ;       ;
; ADDRESS[3] ; DATA[3]     ;       ; 4.225 ; 4.748 ;       ;
; ADDRESS[3] ; DATA[4]     ;       ; 4.149 ; 4.682 ;       ;
; ADDRESS[3] ; DATA[5]     ;       ; 4.208 ; 4.733 ;       ;
; ADDRESS[3] ; DATA[6]     ;       ; 4.311 ; 4.833 ;       ;
; ADDRESS[3] ; DATA[7]     ;       ; 4.215 ; 4.744 ;       ;
; ADDRESS[3] ; DATA[8]     ;       ; 4.126 ; 4.655 ;       ;
; ADDRESS[3] ; DATA[9]     ;       ; 4.178 ; 4.703 ;       ;
; ADDRESS[3] ; DATA[10]    ;       ; 5.074 ; 5.467 ;       ;
; ADDRESS[3] ; DATA[11]    ;       ; 4.009 ; 4.558 ;       ;
; ADDRESS[3] ; DATA[12]    ;       ; 4.059 ; 4.561 ;       ;
; ADDRESS[3] ; DATA[13]    ;       ; 3.982 ; 4.549 ;       ;
; ADDRESS[3] ; DATA[15]    ;       ; 3.866 ; 4.398 ;       ;
; ADDRESS[4] ; DATA[0]     ;       ; 4.166 ; 4.651 ;       ;
; ADDRESS[4] ; DATA[1]     ;       ; 3.806 ; 4.329 ;       ;
; ADDRESS[4] ; DATA[3]     ;       ; 3.827 ; 4.346 ;       ;
; ADDRESS[4] ; DATA[4]     ;       ; 3.985 ; 4.490 ;       ;
; ADDRESS[4] ; DATA[5]     ;       ; 3.810 ; 4.331 ;       ;
; ADDRESS[4] ; DATA[6]     ;       ; 4.147 ; 4.641 ;       ;
; ADDRESS[4] ; DATA[7]     ;       ; 3.817 ; 4.342 ;       ;
; ADDRESS[4] ; DATA[8]     ;       ; 3.962 ; 4.463 ;       ;
; ADDRESS[4] ; DATA[9]     ;       ; 3.780 ; 4.301 ;       ;
; ADDRESS[4] ; DATA[10]    ;       ; 4.910 ; 5.275 ;       ;
; ADDRESS[4] ; DATA[11]    ;       ; 3.611 ; 4.156 ;       ;
; ADDRESS[4] ; DATA[12]    ;       ; 3.895 ; 4.369 ;       ;
; ADDRESS[4] ; DATA[13]    ;       ; 3.819 ; 4.353 ;       ;
; ADDRESS[4] ; DATA[15]    ;       ; 3.521 ; 4.032 ;       ;
+------------+-------------+-------+-------+-------+-------+


---------------------------------------------
; Fast 1200mV 0C Model Metastability Report ;
---------------------------------------------
No synchronizer chains to report.


+----------------------------------------------------------------------------+
; Multicorner Timing Analysis Summary                                        ;
+------------------+-------+------+----------+---------+---------------------+
; Clock            ; Setup ; Hold ; Recovery ; Removal ; Minimum Pulse Width ;
+------------------+-------+------+----------+---------+---------------------+
; Worst-case Slack ; N/A   ; N/A  ; N/A      ; N/A     ; N/A                 ;
; Design-wide TNS  ; 0.0   ; 0.0  ; 0.0      ; 0.0     ; 0.0                 ;
+------------------+-------+------+----------+---------+---------------------+


+----------------------------------------------------------+
; Progagation Delay                                        ;
+------------+-------------+-------+-------+-------+-------+
; Input Port ; Output Port ; RR    ; RF    ; FR    ; FF    ;
+------------+-------------+-------+-------+-------+-------+
; ADDRESS[0] ; DATA[0]     ;       ; 7.262 ; 7.626 ;       ;
; ADDRESS[0] ; DATA[1]     ; 7.092 ; 7.114 ; 7.477 ; 7.531 ;
; ADDRESS[0] ; DATA[3]     ; 7.113 ; 7.160 ; 7.498 ; 7.577 ;
; ADDRESS[0] ; DATA[4]     ;       ; 6.977 ; 7.336 ;       ;
; ADDRESS[0] ; DATA[5]     ; 7.091 ; 7.127 ; 7.476 ; 7.544 ;
; ADDRESS[0] ; DATA[6]     ;       ; 7.237 ; 7.601 ;       ;
; ADDRESS[0] ; DATA[7]     ; 7.095 ; 7.134 ; 7.480 ; 7.551 ;
; ADDRESS[0] ; DATA[8]     ;       ; 6.937 ; 7.325 ;       ;
; ADDRESS[0] ; DATA[9]     ; 7.061 ; 7.097 ; 7.446 ; 7.514 ;
; ADDRESS[0] ; DATA[10]    ;       ; 8.223 ; 8.514 ;       ;
; ADDRESS[0] ; DATA[11]    ; 6.784 ; 6.802 ; 7.169 ; 7.219 ;
; ADDRESS[0] ; DATA[12]    ;       ; 6.834 ; 7.226 ;       ;
; ADDRESS[0] ; DATA[13]    ; 6.665 ;       ;       ; 7.074 ;
; ADDRESS[0] ; DATA[15]    ; 6.571 ; 6.523 ; 6.961 ; 6.947 ;
; ADDRESS[1] ; DATA[0]     ;       ; 6.807 ; 7.208 ;       ;
; ADDRESS[1] ; DATA[1]     ; 6.967 ; 6.956 ; 7.333 ; 7.416 ;
; ADDRESS[1] ; DATA[3]     ; 6.988 ; 7.002 ; 7.354 ; 7.462 ;
; ADDRESS[1] ; DATA[4]     ;       ; 6.522 ; 6.918 ;       ;
; ADDRESS[1] ; DATA[5]     ; 6.966 ; 6.969 ; 7.332 ; 7.429 ;
; ADDRESS[1] ; DATA[6]     ; 6.728 ;       ;       ; 7.188 ;
; ADDRESS[1] ; DATA[7]     ; 6.970 ; 6.976 ; 7.336 ; 7.436 ;
; ADDRESS[1] ; DATA[8]     ;       ; 6.482 ; 6.907 ;       ;
; ADDRESS[1] ; DATA[9]     ; 6.936 ; 6.939 ; 7.302 ; 7.399 ;
; ADDRESS[1] ; DATA[10]    ; 7.641 ;       ;       ; 8.174 ;
; ADDRESS[1] ; DATA[11]    ; 6.659 ; 6.644 ; 7.025 ; 7.104 ;
; ADDRESS[1] ; DATA[12]    ;       ; 6.379 ; 6.808 ;       ;
; ADDRESS[1] ; DATA[15]    ; 6.448 ; 6.408 ; 6.855 ; 6.834 ;
; ADDRESS[2] ; DATA[0]     ;       ; 7.155 ; 7.570 ;       ;
; ADDRESS[2] ; DATA[1]     ; 6.973 ; 6.997 ; 7.414 ; 7.429 ;
; ADDRESS[2] ; DATA[3]     ; 6.994 ; 7.043 ; 7.435 ; 7.475 ;
; ADDRESS[2] ; DATA[4]     ;       ; 6.870 ; 7.280 ;       ;
; ADDRESS[2] ; DATA[5]     ; 6.972 ; 7.010 ; 7.413 ; 7.442 ;
; ADDRESS[2] ; DATA[6]     ;       ; 7.130 ; 7.545 ;       ;
; ADDRESS[2] ; DATA[7]     ; 6.976 ; 7.017 ; 7.417 ; 7.449 ;
; ADDRESS[2] ; DATA[8]     ;       ; 6.830 ; 7.269 ;       ;
; ADDRESS[2] ; DATA[9]     ; 6.942 ; 6.980 ; 7.383 ; 7.412 ;
; ADDRESS[2] ; DATA[10]    ;       ; 8.116 ; 8.458 ;       ;
; ADDRESS[2] ; DATA[11]    ; 6.665 ; 6.685 ; 7.106 ; 7.117 ;
; ADDRESS[2] ; DATA[12]    ;       ; 6.727 ; 7.170 ;       ;
; ADDRESS[2] ; DATA[13]    ;       ; 6.545 ; 6.996 ;       ;
; ADDRESS[2] ; DATA[15]    ;       ; 6.413 ; 6.899 ;       ;
; ADDRESS[3] ; DATA[0]     ;       ; 7.430 ; 7.790 ;       ;
; ADDRESS[3] ; DATA[1]     ;       ; 7.286 ; 7.659 ;       ;
; ADDRESS[3] ; DATA[3]     ;       ; 7.332 ; 7.680 ;       ;
; ADDRESS[3] ; DATA[4]     ;       ; 7.145 ; 7.500 ;       ;
; ADDRESS[3] ; DATA[5]     ;       ; 7.299 ; 7.658 ;       ;
; ADDRESS[3] ; DATA[6]     ;       ; 7.405 ; 7.765 ;       ;
; ADDRESS[3] ; DATA[7]     ;       ; 7.306 ; 7.662 ;       ;
; ADDRESS[3] ; DATA[8]     ;       ; 7.105 ; 7.489 ;       ;
; ADDRESS[3] ; DATA[9]     ;       ; 7.269 ; 7.628 ;       ;
; ADDRESS[3] ; DATA[10]    ;       ; 8.391 ; 8.678 ;       ;
; ADDRESS[3] ; DATA[11]    ;       ; 6.974 ; 7.351 ;       ;
; ADDRESS[3] ; DATA[12]    ;       ; 7.002 ; 7.390 ;       ;
; ADDRESS[3] ; DATA[13]    ;       ; 6.792 ; 7.207 ;       ;
; ADDRESS[3] ; DATA[15]    ;       ; 6.700 ; 7.145 ;       ;
; ADDRESS[4] ; DATA[0]     ;       ; 7.118 ; 7.487 ;       ;
; ADDRESS[4] ; DATA[1]     ;       ; 6.518 ; 6.933 ;       ;
; ADDRESS[4] ; DATA[3]     ;       ; 6.564 ; 6.954 ;       ;
; ADDRESS[4] ; DATA[4]     ;       ; 6.833 ; 7.197 ;       ;
; ADDRESS[4] ; DATA[5]     ;       ; 6.531 ; 6.932 ;       ;
; ADDRESS[4] ; DATA[6]     ;       ; 7.093 ; 7.462 ;       ;
; ADDRESS[4] ; DATA[7]     ;       ; 6.538 ; 6.936 ;       ;
; ADDRESS[4] ; DATA[8]     ;       ; 6.793 ; 7.186 ;       ;
; ADDRESS[4] ; DATA[9]     ;       ; 6.501 ; 6.902 ;       ;
; ADDRESS[4] ; DATA[10]    ;       ; 8.079 ; 8.375 ;       ;
; ADDRESS[4] ; DATA[11]    ;       ; 6.206 ; 6.625 ;       ;
; ADDRESS[4] ; DATA[12]    ;       ; 6.690 ; 7.087 ;       ;
; ADDRESS[4] ; DATA[13]    ;       ; 6.488 ; 6.899 ;       ;
; ADDRESS[4] ; DATA[15]    ;       ; 6.031 ; 6.499 ;       ;
+------------+-------------+-------+-------+-------+-------+


+----------------------------------------------------------+
; Minimum Progagation Delay                                ;
+------------+-------------+-------+-------+-------+-------+
; Input Port ; Output Port ; RR    ; RF    ; FR    ; FF    ;
+------------+-------------+-------+-------+-------+-------+
; ADDRESS[0] ; DATA[0]     ;       ; 4.274 ; 4.762 ;       ;
; ADDRESS[0] ; DATA[1]     ; 4.137 ; 4.183 ; 4.682 ; 4.747 ;
; ADDRESS[0] ; DATA[3]     ; 4.154 ; 4.204 ; 4.699 ; 4.768 ;
; ADDRESS[0] ; DATA[4]     ;       ; 4.093 ; 4.601 ;       ;
; ADDRESS[0] ; DATA[5]     ; 4.139 ; 4.187 ; 4.684 ; 4.751 ;
; ADDRESS[0] ; DATA[6]     ;       ; 4.255 ; 4.752 ;       ;
; ADDRESS[0] ; DATA[7]     ; 4.150 ; 4.194 ; 4.695 ; 4.758 ;
; ADDRESS[0] ; DATA[8]     ;       ; 4.070 ; 4.574 ;       ;
; ADDRESS[0] ; DATA[9]     ; 4.109 ; 4.157 ; 4.654 ; 4.721 ;
; ADDRESS[0] ; DATA[10]    ;       ; 5.018 ; 5.386 ;       ;
; ADDRESS[0] ; DATA[11]    ; 3.964 ; 3.988 ; 4.509 ; 4.552 ;
; ADDRESS[0] ; DATA[12]    ;       ; 4.003 ; 4.480 ;       ;
; ADDRESS[0] ; DATA[13]    ; 3.925 ;       ;       ; 4.502 ;
; ADDRESS[0] ; DATA[15]    ; 3.781 ; 3.826 ; 4.328 ; 4.392 ;
; ADDRESS[1] ; DATA[0]     ;       ; 4.014 ; 4.517 ;       ;
; ADDRESS[1] ; DATA[1]     ; 4.069 ; 4.092 ; 4.590 ; 4.665 ;
; ADDRESS[1] ; DATA[3]     ; 4.086 ; 4.113 ; 4.607 ; 4.686 ;
; ADDRESS[1] ; DATA[4]     ;       ; 3.833 ; 4.356 ;       ;
; ADDRESS[1] ; DATA[5]     ; 4.071 ; 4.096 ; 4.592 ; 4.669 ;
; ADDRESS[1] ; DATA[6]     ; 3.948 ;       ;       ; 4.536 ;
; ADDRESS[1] ; DATA[7]     ; 4.082 ; 4.103 ; 4.603 ; 4.676 ;
; ADDRESS[1] ; DATA[8]     ;       ; 3.810 ; 4.329 ;       ;
; ADDRESS[1] ; DATA[9]     ; 4.041 ; 4.066 ; 4.562 ; 4.639 ;
; ADDRESS[1] ; DATA[10]    ; 4.582 ;       ;       ; 5.299 ;
; ADDRESS[1] ; DATA[11]    ; 3.896 ; 3.897 ; 4.417 ; 4.470 ;
; ADDRESS[1] ; DATA[12]    ;       ; 3.743 ; 4.235 ;       ;
; ADDRESS[1] ; DATA[15]    ; 3.713 ; 3.756 ; 4.259 ; 4.311 ;
; ADDRESS[2] ; DATA[0]     ;       ; 4.218 ; 4.726 ;       ;
; ADDRESS[2] ; DATA[1]     ; 4.069 ; 4.119 ; 4.639 ; 4.682 ;
; ADDRESS[2] ; DATA[3]     ; 4.086 ; 4.140 ; 4.656 ; 4.703 ;
; ADDRESS[2] ; DATA[4]     ;       ; 4.037 ; 4.565 ;       ;
; ADDRESS[2] ; DATA[5]     ; 4.071 ; 4.123 ; 4.641 ; 4.686 ;
; ADDRESS[2] ; DATA[6]     ;       ; 4.199 ; 4.716 ;       ;
; ADDRESS[2] ; DATA[7]     ; 4.082 ; 4.130 ; 4.652 ; 4.693 ;
; ADDRESS[2] ; DATA[8]     ;       ; 4.014 ; 4.538 ;       ;
; ADDRESS[2] ; DATA[9]     ; 4.041 ; 4.093 ; 4.611 ; 4.656 ;
; ADDRESS[2] ; DATA[10]    ;       ; 4.962 ; 5.350 ;       ;
; ADDRESS[2] ; DATA[11]    ; 3.896 ; 3.924 ; 4.466 ; 4.487 ;
; ADDRESS[2] ; DATA[12]    ;       ; 3.947 ; 4.444 ;       ;
; ADDRESS[2] ; DATA[13]    ;       ; 3.880 ; 4.434 ;       ;
; ADDRESS[2] ; DATA[15]    ;       ; 3.764 ; 4.285 ;       ;
; ADDRESS[3] ; DATA[0]     ;       ; 4.330 ; 4.843 ;       ;
; ADDRESS[3] ; DATA[1]     ;       ; 4.204 ; 4.731 ;       ;
; ADDRESS[3] ; DATA[3]     ;       ; 4.225 ; 4.748 ;       ;
; ADDRESS[3] ; DATA[4]     ;       ; 4.149 ; 4.682 ;       ;
; ADDRESS[3] ; DATA[5]     ;       ; 4.208 ; 4.733 ;       ;
; ADDRESS[3] ; DATA[6]     ;       ; 4.311 ; 4.833 ;       ;
; ADDRESS[3] ; DATA[7]     ;       ; 4.215 ; 4.744 ;       ;
; ADDRESS[3] ; DATA[8]     ;       ; 4.126 ; 4.655 ;       ;
; ADDRESS[3] ; DATA[9]     ;       ; 4.178 ; 4.703 ;       ;
; ADDRESS[3] ; DATA[10]    ;       ; 5.074 ; 5.467 ;       ;
; ADDRESS[3] ; DATA[11]    ;       ; 4.009 ; 4.558 ;       ;
; ADDRESS[3] ; DATA[12]    ;       ; 4.059 ; 4.561 ;       ;
; ADDRESS[3] ; DATA[13]    ;       ; 3.982 ; 4.549 ;       ;
; ADDRESS[3] ; DATA[15]    ;       ; 3.866 ; 4.398 ;       ;
; ADDRESS[4] ; DATA[0]     ;       ; 4.166 ; 4.651 ;       ;
; ADDRESS[4] ; DATA[1]     ;       ; 3.806 ; 4.329 ;       ;
; ADDRESS[4] ; DATA[3]     ;       ; 3.827 ; 4.346 ;       ;
; ADDRESS[4] ; DATA[4]     ;       ; 3.985 ; 4.490 ;       ;
; ADDRESS[4] ; DATA[5]     ;       ; 3.810 ; 4.331 ;       ;
; ADDRESS[4] ; DATA[6]     ;       ; 4.147 ; 4.641 ;       ;
; ADDRESS[4] ; DATA[7]     ;       ; 3.817 ; 4.342 ;       ;
; ADDRESS[4] ; DATA[8]     ;       ; 3.962 ; 4.463 ;       ;
; ADDRESS[4] ; DATA[9]     ;       ; 3.780 ; 4.301 ;       ;
; ADDRESS[4] ; DATA[10]    ;       ; 4.910 ; 5.275 ;       ;
; ADDRESS[4] ; DATA[11]    ;       ; 3.611 ; 4.156 ;       ;
; ADDRESS[4] ; DATA[12]    ;       ; 3.895 ; 4.369 ;       ;
; ADDRESS[4] ; DATA[13]    ;       ; 3.819 ; 4.353 ;       ;
; ADDRESS[4] ; DATA[15]    ;       ; 3.521 ; 4.032 ;       ;
+------------+-------------+-------+-------+-------+-------+


+------------------------------------------------------------------------------------------------------------------------------------------------------------------------------------------------------------------------------------------------------------------------------------------------------------------------------------------------------------------------------------------------------------------+
; Board Trace Model Assignments                                                                                                                                                                                                                                                                                                                                                                                    ;
+---------------+--------------+-------------------+-------------------------+-------------------------+---------------+---------------------+----------------+------------------+--------+------------------+------------------------+------------------------+--------------+---------------+-----------------+-------+---------------------+--------------------+---------------+-----------------+-------------+
; Pin           ; I/O Standard ; Near Tline Length ; Near Tline L per Length ; Near Tline C per Length ; Near Series R ; Near Differential R ; Near Pull-up R ; Near Pull-down R ; Near C ; Far Tline Length ; Far Tline L per Length ; Far Tline C per Length ; Far Series R ; Far Pull-up R ; Far Pull-down R ; Far C ; Termination Voltage ; Far Differential R ; EBD File Name ; EBD Signal Name ; EBD Far-end ;
+---------------+--------------+-------------------+-------------------------+-------------------------+---------------+---------------------+----------------+------------------+--------+------------------+------------------------+------------------------+--------------+---------------+-----------------+-------+---------------------+--------------------+---------------+-----------------+-------------+
; DATA[0]       ; 2.5 V        ; 0 in              ; 0 H/in                  ; 0 F/in                  ; short         ; -                   ; open           ; open             ; open   ; 0 in             ; 0 H/in                 ; 0 F/in                 ; short        ; open          ; open            ; open  ; 0 V                 ; -                  ; n/a           ; n/a             ; n/a         ;
; DATA[1]       ; 2.5 V        ; 0 in              ; 0 H/in                  ; 0 F/in                  ; short         ; -                   ; open           ; open             ; open   ; 0 in             ; 0 H/in                 ; 0 F/in                 ; short        ; open          ; open            ; open  ; 0 V                 ; -                  ; n/a           ; n/a             ; n/a         ;
; DATA[2]       ; 2.5 V        ; 0 in              ; 0 H/in                  ; 0 F/in                  ; short         ; -                   ; open           ; open             ; open   ; 0 in             ; 0 H/in                 ; 0 F/in                 ; short        ; open          ; open            ; open  ; 0 V                 ; -                  ; n/a           ; n/a             ; n/a         ;
; DATA[3]       ; 2.5 V        ; 0 in              ; 0 H/in                  ; 0 F/in                  ; short         ; -                   ; open           ; open             ; open   ; 0 in             ; 0 H/in                 ; 0 F/in                 ; short        ; open          ; open            ; open  ; 0 V                 ; -                  ; n/a           ; n/a             ; n/a         ;
; DATA[4]       ; 2.5 V        ; 0 in              ; 0 H/in                  ; 0 F/in                  ; short         ; -                   ; open           ; open             ; open   ; 0 in             ; 0 H/in                 ; 0 F/in                 ; short        ; open          ; open            ; open  ; 0 V                 ; -                  ; n/a           ; n/a             ; n/a         ;
; DATA[5]       ; 2.5 V        ; 0 in              ; 0 H/in                  ; 0 F/in                  ; short         ; -                   ; open           ; open             ; open   ; 0 in             ; 0 H/in                 ; 0 F/in                 ; short        ; open          ; open            ; open  ; 0 V                 ; -                  ; n/a           ; n/a             ; n/a         ;
; DATA[6]       ; 2.5 V        ; 0 in              ; 0 H/in                  ; 0 F/in                  ; short         ; -                   ; open           ; open             ; open   ; 0 in             ; 0 H/in                 ; 0 F/in                 ; short        ; open          ; open            ; open  ; 0 V                 ; -                  ; n/a           ; n/a             ; n/a         ;
; DATA[7]       ; 2.5 V        ; 0 in              ; 0 H/in                  ; 0 F/in                  ; short         ; -                   ; open           ; open             ; open   ; 0 in             ; 0 H/in                 ; 0 F/in                 ; short        ; open          ; open            ; open  ; 0 V                 ; -                  ; n/a           ; n/a             ; n/a         ;
; DATA[8]       ; 2.5 V        ; 0 in              ; 0 H/in                  ; 0 F/in                  ; short         ; -                   ; open           ; open             ; open   ; 0 in             ; 0 H/in                 ; 0 F/in                 ; short        ; open          ; open            ; open  ; 0 V                 ; -                  ; n/a           ; n/a             ; n/a         ;
; DATA[9]       ; 2.5 V        ; 0 in              ; 0 H/in                  ; 0 F/in                  ; short         ; -                   ; open           ; open             ; open   ; 0 in             ; 0 H/in                 ; 0 F/in                 ; short        ; open          ; open            ; open  ; 0 V                 ; -                  ; n/a           ; n/a             ; n/a         ;
; DATA[10]      ; 2.5 V        ; 0 in              ; 0 H/in                  ; 0 F/in                  ; short         ; -                   ; open           ; open             ; open   ; 0 in             ; 0 H/in                 ; 0 F/in                 ; short        ; open          ; open            ; open  ; 0 V                 ; -                  ; n/a           ; n/a             ; n/a         ;
; DATA[11]      ; 2.5 V        ; 0 in              ; 0 H/in                  ; 0 F/in                  ; short         ; -                   ; open           ; open             ; open   ; 0 in             ; 0 H/in                 ; 0 F/in                 ; short        ; open          ; open            ; open  ; 0 V                 ; -                  ; n/a           ; n/a             ; n/a         ;
; DATA[12]      ; 2.5 V        ; 0 in              ; 0 H/in                  ; 0 F/in                  ; short         ; -                   ; open           ; open             ; open   ; 0 in             ; 0 H/in                 ; 0 F/in                 ; short        ; open          ; open            ; open  ; 0 V                 ; -                  ; n/a           ; n/a             ; n/a         ;
; DATA[13]      ; 2.5 V        ; 0 in              ; 0 H/in                  ; 0 F/in                  ; short         ; -                   ; open           ; open             ; open   ; 0 in             ; 0 H/in                 ; 0 F/in                 ; short        ; open          ; open            ; open  ; 0 V                 ; -                  ; n/a           ; n/a             ; n/a         ;
; DATA[14]      ; 2.5 V        ; 0 in              ; 0 H/in                  ; 0 F/in                  ; short         ; -                   ; open           ; open             ; open   ; 0 in             ; 0 H/in                 ; 0 F/in                 ; short        ; open          ; open            ; open  ; 0 V                 ; -                  ; n/a           ; n/a             ; n/a         ;
; DATA[15]      ; 2.5 V        ; 0 in              ; 0 H/in                  ; 0 F/in                  ; short         ; -                   ; open           ; open             ; open   ; 0 in             ; 0 H/in                 ; 0 F/in                 ; short        ; open          ; open            ; open  ; 0 V                 ; -                  ; n/a           ; n/a             ; n/a         ;
; ~ALTERA_DCLK~ ; 2.5 V        ; 0 in              ; 0 H/in                  ; 0 F/in                  ; short         ; -                   ; open           ; open             ; open   ; 0 in             ; 0 H/in                 ; 0 F/in                 ; short        ; open          ; open            ; open  ; 0 V                 ; -                  ; n/a           ; n/a             ; n/a         ;
; ~ALTERA_nCEO~ ; 2.5 V        ; 0 in              ; 0 H/in                  ; 0 F/in                  ; short         ; -                   ; open           ; open             ; open   ; 0 in             ; 0 H/in                 ; 0 F/in                 ; short        ; open          ; open            ; open  ; 0 V                 ; -                  ; n/a           ; n/a             ; n/a         ;
+---------------+--------------+-------------------+-------------------------+-------------------------+---------------+---------------------+----------------+------------------+--------+------------------+------------------------+------------------------+--------------+---------------+-----------------+-------+---------------------+--------------------+---------------+-----------------+-------------+


+----------------------------------------------------------------------------+
; Input Transition Times                                                     ;
+-------------------------+--------------+-----------------+-----------------+
; Pin                     ; I/O Standard ; 10-90 Rise Time ; 90-10 Fall Time ;
+-------------------------+--------------+-----------------+-----------------+
; ADDRESS[0]              ; 2.5 V        ; 2000 ps         ; 2000 ps         ;
; ADDRESS[2]              ; 2.5 V        ; 2000 ps         ; 2000 ps         ;
; ADDRESS[3]              ; 2.5 V        ; 2000 ps         ; 2000 ps         ;
; ADDRESS[4]              ; 2.5 V        ; 2000 ps         ; 2000 ps         ;
; ADDRESS[1]              ; 2.5 V        ; 2000 ps         ; 2000 ps         ;
; ~ALTERA_ASDO_DATA1~     ; 2.5 V        ; 2000 ps         ; 2000 ps         ;
; ~ALTERA_FLASH_nCE_nCSO~ ; 2.5 V        ; 2000 ps         ; 2000 ps         ;
; ~ALTERA_DATA0~          ; 2.5 V        ; 2000 ps         ; 2000 ps         ;
+-------------------------+--------------+-----------------+-----------------+


+--------------------------------------------------------------------------------------------------------------------------------------------------------------------------------------------------------------------------------------------------------------------------------------------------------------------------------------------------------------------------------------------------------------------------------------------------------------------------------------------------------------------------------------------------------------------------------------------------------------------------------------------------------------------------------------------+
; Slow Corner Signal Integrity Metrics                                                                                                                                                                                                                                                                                                                                                                                                                                                                                                                                                                                                                                                       ;
+---------------+--------------+---------------------+---------------------+------------------------------+------------------------------+---------------------+---------------------+--------------------------------------+--------------------------------------+-----------------------------+-----------------------------+----------------------------+----------------------------+-----------------------------+-----------------------------+--------------------+--------------------+-------------------------------------+-------------------------------------+----------------------------+----------------------------+---------------------------+---------------------------+
; Pin           ; I/O Standard ; Board Delay on Rise ; Board Delay on Fall ; Steady State Voh at FPGA Pin ; Steady State Vol at FPGA Pin ; Voh Max at FPGA Pin ; Vol Min at FPGA Pin ; Ringback Voltage on Rise at FPGA Pin ; Ringback Voltage on Fall at FPGA Pin ; 10-90 Rise Time at FPGA Pin ; 90-10 Fall Time at FPGA Pin ; Monotonic Rise at FPGA Pin ; Monotonic Fall at FPGA Pin ; Steady State Voh at Far-end ; Steady State Vol at Far-end ; Voh Max at Far-end ; Vol Min at Far-end ; Ringback Voltage on Rise at Far-end ; Ringback Voltage on Fall at Far-end ; 10-90 Rise Time at Far-end ; 90-10 Fall Time at Far-end ; Monotonic Rise at Far-end ; Monotonic Fall at Far-end ;
+---------------+--------------+---------------------+---------------------+------------------------------+------------------------------+---------------------+---------------------+--------------------------------------+--------------------------------------+-----------------------------+-----------------------------+----------------------------+----------------------------+-----------------------------+-----------------------------+--------------------+--------------------+-------------------------------------+-------------------------------------+----------------------------+----------------------------+---------------------------+---------------------------+
; DATA[0]       ; 2.5 V        ; 0 s                 ; 0 s                 ; 2.32 V                       ; 7.25e-07 V                   ; 2.35 V              ; -0.0111 V           ; 0.113 V                              ; 0.035 V                              ; 7.76e-10 s                  ; 8.04e-10 s                  ; Yes                        ; Yes                        ; 2.32 V                      ; 7.25e-07 V                  ; 2.35 V             ; -0.0111 V          ; 0.113 V                             ; 0.035 V                             ; 7.76e-10 s                 ; 8.04e-10 s                 ; Yes                       ; Yes                       ;
; DATA[1]       ; 2.5 V        ; 0 s                 ; 0 s                 ; 2.32 V                       ; 7.25e-07 V                   ; 2.35 V              ; -0.0111 V           ; 0.113 V                              ; 0.035 V                              ; 7.76e-10 s                  ; 8.04e-10 s                  ; Yes                        ; Yes                        ; 2.32 V                      ; 7.25e-07 V                  ; 2.35 V             ; -0.0111 V          ; 0.113 V                             ; 0.035 V                             ; 7.76e-10 s                 ; 8.04e-10 s                 ; Yes                       ; Yes                       ;
; DATA[2]       ; 2.5 V        ; 0 s                 ; 0 s                 ; 2.32 V                       ; 7.25e-07 V                   ; 2.35 V              ; -0.0111 V           ; 0.113 V                              ; 0.035 V                              ; 7.76e-10 s                  ; 8.04e-10 s                  ; Yes                        ; Yes                        ; 2.32 V                      ; 7.25e-07 V                  ; 2.35 V             ; -0.0111 V          ; 0.113 V                             ; 0.035 V                             ; 7.76e-10 s                 ; 8.04e-10 s                 ; Yes                       ; Yes                       ;
; DATA[3]       ; 2.5 V        ; 0 s                 ; 0 s                 ; 2.32 V                       ; 7.25e-07 V                   ; 2.35 V              ; -0.0111 V           ; 0.113 V                              ; 0.035 V                              ; 7.76e-10 s                  ; 8.04e-10 s                  ; Yes                        ; Yes                        ; 2.32 V                      ; 7.25e-07 V                  ; 2.35 V             ; -0.0111 V          ; 0.113 V                             ; 0.035 V                             ; 7.76e-10 s                 ; 8.04e-10 s                 ; Yes                       ; Yes                       ;
; DATA[4]       ; 2.5 V        ; 0 s                 ; 0 s                 ; 2.32 V                       ; 7.25e-07 V                   ; 2.35 V              ; -0.0111 V           ; 0.113 V                              ; 0.035 V                              ; 7.76e-10 s                  ; 8.04e-10 s                  ; Yes                        ; Yes                        ; 2.32 V                      ; 7.25e-07 V                  ; 2.35 V             ; -0.0111 V          ; 0.113 V                             ; 0.035 V                             ; 7.76e-10 s                 ; 8.04e-10 s                 ; Yes                       ; Yes                       ;
; DATA[5]       ; 2.5 V        ; 0 s                 ; 0 s                 ; 2.32 V                       ; 7.25e-07 V                   ; 2.35 V              ; -0.0111 V           ; 0.113 V                              ; 0.035 V                              ; 7.76e-10 s                  ; 8.04e-10 s                  ; Yes                        ; Yes                        ; 2.32 V                      ; 7.25e-07 V                  ; 2.35 V             ; -0.0111 V          ; 0.113 V                             ; 0.035 V                             ; 7.76e-10 s                 ; 8.04e-10 s                 ; Yes                       ; Yes                       ;
; DATA[6]       ; 2.5 V        ; 0 s                 ; 0 s                 ; 2.32 V                       ; 7.25e-07 V                   ; 2.35 V              ; -0.0111 V           ; 0.113 V                              ; 0.035 V                              ; 7.76e-10 s                  ; 8.04e-10 s                  ; Yes                        ; Yes                        ; 2.32 V                      ; 7.25e-07 V                  ; 2.35 V             ; -0.0111 V          ; 0.113 V                             ; 0.035 V                             ; 7.76e-10 s                 ; 8.04e-10 s                 ; Yes                       ; Yes                       ;
; DATA[7]       ; 2.5 V        ; 0 s                 ; 0 s                 ; 2.32 V                       ; 7.25e-07 V                   ; 2.35 V              ; -0.0111 V           ; 0.113 V                              ; 0.035 V                              ; 7.76e-10 s                  ; 8.04e-10 s                  ; Yes                        ; Yes                        ; 2.32 V                      ; 7.25e-07 V                  ; 2.35 V             ; -0.0111 V          ; 0.113 V                             ; 0.035 V                             ; 7.76e-10 s                 ; 8.04e-10 s                 ; Yes                       ; Yes                       ;
; DATA[8]       ; 2.5 V        ; 0 s                 ; 0 s                 ; 2.32 V                       ; 7.25e-07 V                   ; 2.35 V              ; -0.0111 V           ; 0.113 V                              ; 0.035 V                              ; 7.76e-10 s                  ; 8.04e-10 s                  ; Yes                        ; Yes                        ; 2.32 V                      ; 7.25e-07 V                  ; 2.35 V             ; -0.0111 V          ; 0.113 V                             ; 0.035 V                             ; 7.76e-10 s                 ; 8.04e-10 s                 ; Yes                       ; Yes                       ;
; DATA[9]       ; 2.5 V        ; 0 s                 ; 0 s                 ; 2.32 V                       ; 7.25e-07 V                   ; 2.35 V              ; -0.0111 V           ; 0.113 V                              ; 0.035 V                              ; 7.76e-10 s                  ; 8.04e-10 s                  ; Yes                        ; Yes                        ; 2.32 V                      ; 7.25e-07 V                  ; 2.35 V             ; -0.0111 V          ; 0.113 V                             ; 0.035 V                             ; 7.76e-10 s                 ; 8.04e-10 s                 ; Yes                       ; Yes                       ;
; DATA[10]      ; 2.5 V        ; 0 s                 ; 0 s                 ; 2.32 V                       ; 7.25e-07 V                   ; 2.33 V              ; -0.00317 V          ; 0.162 V                              ; 0.063 V                              ; 3.54e-09 s                  ; 3.41e-09 s                  ; Yes                        ; Yes                        ; 2.32 V                      ; 7.25e-07 V                  ; 2.33 V             ; -0.00317 V         ; 0.162 V                             ; 0.063 V                             ; 3.54e-09 s                 ; 3.41e-09 s                 ; Yes                       ; Yes                       ;
; DATA[11]      ; 2.5 V        ; 0 s                 ; 0 s                 ; 2.32 V                       ; 7.25e-07 V                   ; 2.35 V              ; -0.0111 V           ; 0.113 V                              ; 0.035 V                              ; 7.76e-10 s                  ; 8.04e-10 s                  ; Yes                        ; Yes                        ; 2.32 V                      ; 7.25e-07 V                  ; 2.35 V             ; -0.0111 V          ; 0.113 V                             ; 0.035 V                             ; 7.76e-10 s                 ; 8.04e-10 s                 ; Yes                       ; Yes                       ;
; DATA[12]      ; 2.5 V        ; 0 s                 ; 0 s                 ; 2.32 V                       ; 7.25e-07 V                   ; 2.36 V              ; -0.00946 V          ; 0.111 V                              ; 0.027 V                              ; 6.46e-10 s                  ; 6.2e-10 s                   ; Yes                        ; Yes                        ; 2.32 V                      ; 7.25e-07 V                  ; 2.36 V             ; -0.00946 V         ; 0.111 V                             ; 0.027 V                             ; 6.46e-10 s                 ; 6.2e-10 s                  ; Yes                       ; Yes                       ;
; DATA[13]      ; 2.5 V        ; 0 s                 ; 0 s                 ; 2.32 V                       ; 7.25e-07 V                   ; 2.35 V              ; -0.0111 V           ; 0.113 V                              ; 0.035 V                              ; 7.76e-10 s                  ; 8.04e-10 s                  ; Yes                        ; Yes                        ; 2.32 V                      ; 7.25e-07 V                  ; 2.35 V             ; -0.0111 V          ; 0.113 V                             ; 0.035 V                             ; 7.76e-10 s                 ; 8.04e-10 s                 ; Yes                       ; Yes                       ;
; DATA[14]      ; 2.5 V        ; 0 s                 ; 0 s                 ; 2.32 V                       ; 1.08e-06 V                   ; 2.36 V              ; -0.0113 V           ; 0.122 V                              ; 0.022 V                              ; 4.5e-10 s                   ; 4.45e-10 s                  ; Yes                        ; Yes                        ; 2.32 V                      ; 1.08e-06 V                  ; 2.36 V             ; -0.0113 V          ; 0.122 V                             ; 0.022 V                             ; 4.5e-10 s                  ; 4.45e-10 s                 ; Yes                       ; Yes                       ;
; DATA[15]      ; 2.5 V        ; 0 s                 ; 0 s                 ; 2.32 V                       ; 7.25e-07 V                   ; 2.36 V              ; -0.00946 V          ; 0.111 V                              ; 0.027 V                              ; 6.46e-10 s                  ; 6.2e-10 s                   ; Yes                        ; Yes                        ; 2.32 V                      ; 7.25e-07 V                  ; 2.36 V             ; -0.00946 V         ; 0.111 V                             ; 0.027 V                             ; 6.46e-10 s                 ; 6.2e-10 s                  ; Yes                       ; Yes                       ;
; ~ALTERA_DCLK~ ; 2.5 V        ; 0 s                 ; 0 s                 ; 2.32 V                       ; 5.68e-07 V                   ; 2.35 V              ; -0.0132 V           ; 0.2 V                                ; 0.027 V                              ; 5.26e-10 s                  ; 4.81e-10 s                  ; Yes                        ; Yes                        ; 2.32 V                      ; 5.68e-07 V                  ; 2.35 V             ; -0.0132 V          ; 0.2 V                               ; 0.027 V                             ; 5.26e-10 s                 ; 4.81e-10 s                 ; Yes                       ; Yes                       ;
; ~ALTERA_nCEO~ ; 2.5 V        ; 0 s                 ; 0 s                 ; 2.32 V                       ; 9.36e-07 V                   ; 2.35 V              ; -0.00444 V          ; 0.18 V                               ; 0.019 V                              ; 7.23e-10 s                  ; 9.82e-10 s                  ; Yes                        ; Yes                        ; 2.32 V                      ; 9.36e-07 V                  ; 2.35 V             ; -0.00444 V         ; 0.18 V                              ; 0.019 V                             ; 7.23e-10 s                 ; 9.82e-10 s                 ; Yes                       ; Yes                       ;
+---------------+--------------+---------------------+---------------------+------------------------------+------------------------------+---------------------+---------------------+--------------------------------------+--------------------------------------+-----------------------------+-----------------------------+----------------------------+----------------------------+-----------------------------+-----------------------------+--------------------+--------------------+-------------------------------------+-------------------------------------+----------------------------+----------------------------+---------------------------+---------------------------+


+--------------------------------------------------------------------------------------------------------------------------------------------------------------------------------------------------------------------------------------------------------------------------------------------------------------------------------------------------------------------------------------------------------------------------------------------------------------------------------------------------------------------------------------------------------------------------------------------------------------------------------------------------------------------------------------------+
; Fast Corner Signal Integrity Metrics                                                                                                                                                                                                                                                                                                                                                                                                                                                                                                                                                                                                                                                       ;
+---------------+--------------+---------------------+---------------------+------------------------------+------------------------------+---------------------+---------------------+--------------------------------------+--------------------------------------+-----------------------------+-----------------------------+----------------------------+----------------------------+-----------------------------+-----------------------------+--------------------+--------------------+-------------------------------------+-------------------------------------+----------------------------+----------------------------+---------------------------+---------------------------+
; Pin           ; I/O Standard ; Board Delay on Rise ; Board Delay on Fall ; Steady State Voh at FPGA Pin ; Steady State Vol at FPGA Pin ; Voh Max at FPGA Pin ; Vol Min at FPGA Pin ; Ringback Voltage on Rise at FPGA Pin ; Ringback Voltage on Fall at FPGA Pin ; 10-90 Rise Time at FPGA Pin ; 90-10 Fall Time at FPGA Pin ; Monotonic Rise at FPGA Pin ; Monotonic Fall at FPGA Pin ; Steady State Voh at Far-end ; Steady State Vol at Far-end ; Voh Max at Far-end ; Vol Min at Far-end ; Ringback Voltage on Rise at Far-end ; Ringback Voltage on Fall at Far-end ; 10-90 Rise Time at Far-end ; 90-10 Fall Time at Far-end ; Monotonic Rise at Far-end ; Monotonic Fall at Far-end ;
+---------------+--------------+---------------------+---------------------+------------------------------+------------------------------+---------------------+---------------------+--------------------------------------+--------------------------------------+-----------------------------+-----------------------------+----------------------------+----------------------------+-----------------------------+-----------------------------+--------------------+--------------------+-------------------------------------+-------------------------------------+----------------------------+----------------------------+---------------------------+---------------------------+
; DATA[0]       ; 2.5 V        ; 0 s                 ; 0 s                 ; 2.62 V                       ; 2.78e-08 V                   ; 2.71 V              ; -0.0349 V           ; 0.253 V                              ; 0.069 V                              ; 4.96e-10 s                  ; 5.19e-10 s                  ; No                         ; Yes                        ; 2.62 V                      ; 2.78e-08 V                  ; 2.71 V             ; -0.0349 V          ; 0.253 V                             ; 0.069 V                             ; 4.96e-10 s                 ; 5.19e-10 s                 ; No                        ; Yes                       ;
; DATA[1]       ; 2.5 V        ; 0 s                 ; 0 s                 ; 2.62 V                       ; 2.78e-08 V                   ; 2.71 V              ; -0.0349 V           ; 0.253 V                              ; 0.069 V                              ; 4.96e-10 s                  ; 5.19e-10 s                  ; No                         ; Yes                        ; 2.62 V                      ; 2.78e-08 V                  ; 2.71 V             ; -0.0349 V          ; 0.253 V                             ; 0.069 V                             ; 4.96e-10 s                 ; 5.19e-10 s                 ; No                        ; Yes                       ;
; DATA[2]       ; 2.5 V        ; 0 s                 ; 0 s                 ; 2.62 V                       ; 2.78e-08 V                   ; 2.71 V              ; -0.0349 V           ; 0.253 V                              ; 0.069 V                              ; 4.96e-10 s                  ; 5.19e-10 s                  ; No                         ; Yes                        ; 2.62 V                      ; 2.78e-08 V                  ; 2.71 V             ; -0.0349 V          ; 0.253 V                             ; 0.069 V                             ; 4.96e-10 s                 ; 5.19e-10 s                 ; No                        ; Yes                       ;
; DATA[3]       ; 2.5 V        ; 0 s                 ; 0 s                 ; 2.62 V                       ; 2.78e-08 V                   ; 2.71 V              ; -0.0349 V           ; 0.253 V                              ; 0.069 V                              ; 4.96e-10 s                  ; 5.19e-10 s                  ; No                         ; Yes                        ; 2.62 V                      ; 2.78e-08 V                  ; 2.71 V             ; -0.0349 V          ; 0.253 V                             ; 0.069 V                             ; 4.96e-10 s                 ; 5.19e-10 s                 ; No                        ; Yes                       ;
; DATA[4]       ; 2.5 V        ; 0 s                 ; 0 s                 ; 2.62 V                       ; 2.78e-08 V                   ; 2.71 V              ; -0.0349 V           ; 0.253 V                              ; 0.069 V                              ; 4.96e-10 s                  ; 5.19e-10 s                  ; No                         ; Yes                        ; 2.62 V                      ; 2.78e-08 V                  ; 2.71 V             ; -0.0349 V          ; 0.253 V                             ; 0.069 V                             ; 4.96e-10 s                 ; 5.19e-10 s                 ; No                        ; Yes                       ;
; DATA[5]       ; 2.5 V        ; 0 s                 ; 0 s                 ; 2.62 V                       ; 2.78e-08 V                   ; 2.71 V              ; -0.0349 V           ; 0.253 V                              ; 0.069 V                              ; 4.96e-10 s                  ; 5.19e-10 s                  ; No                         ; Yes                        ; 2.62 V                      ; 2.78e-08 V                  ; 2.71 V             ; -0.0349 V          ; 0.253 V                             ; 0.069 V                             ; 4.96e-10 s                 ; 5.19e-10 s                 ; No                        ; Yes                       ;
; DATA[6]       ; 2.5 V        ; 0 s                 ; 0 s                 ; 2.62 V                       ; 2.78e-08 V                   ; 2.71 V              ; -0.0349 V           ; 0.253 V                              ; 0.069 V                              ; 4.96e-10 s                  ; 5.19e-10 s                  ; No                         ; Yes                        ; 2.62 V                      ; 2.78e-08 V                  ; 2.71 V             ; -0.0349 V          ; 0.253 V                             ; 0.069 V                             ; 4.96e-10 s                 ; 5.19e-10 s                 ; No                        ; Yes                       ;
; DATA[7]       ; 2.5 V        ; 0 s                 ; 0 s                 ; 2.62 V                       ; 2.78e-08 V                   ; 2.71 V              ; -0.0349 V           ; 0.253 V                              ; 0.069 V                              ; 4.96e-10 s                  ; 5.19e-10 s                  ; No                         ; Yes                        ; 2.62 V                      ; 2.78e-08 V                  ; 2.71 V             ; -0.0349 V          ; 0.253 V                             ; 0.069 V                             ; 4.96e-10 s                 ; 5.19e-10 s                 ; No                        ; Yes                       ;
; DATA[8]       ; 2.5 V        ; 0 s                 ; 0 s                 ; 2.62 V                       ; 2.78e-08 V                   ; 2.71 V              ; -0.0349 V           ; 0.253 V                              ; 0.069 V                              ; 4.96e-10 s                  ; 5.19e-10 s                  ; No                         ; Yes                        ; 2.62 V                      ; 2.78e-08 V                  ; 2.71 V             ; -0.0349 V          ; 0.253 V                             ; 0.069 V                             ; 4.96e-10 s                 ; 5.19e-10 s                 ; No                        ; Yes                       ;
; DATA[9]       ; 2.5 V        ; 0 s                 ; 0 s                 ; 2.62 V                       ; 2.78e-08 V                   ; 2.71 V              ; -0.0349 V           ; 0.253 V                              ; 0.069 V                              ; 4.96e-10 s                  ; 5.19e-10 s                  ; No                         ; Yes                        ; 2.62 V                      ; 2.78e-08 V                  ; 2.71 V             ; -0.0349 V          ; 0.253 V                             ; 0.069 V                             ; 4.96e-10 s                 ; 5.19e-10 s                 ; No                        ; Yes                       ;
; DATA[10]      ; 2.5 V        ; 0 s                 ; 0 s                 ; 2.62 V                       ; 2.78e-08 V                   ; 2.64 V              ; -0.0109 V           ; 0.244 V                              ; 0.16 V                               ; 2.42e-09 s                  ; 2.37e-09 s                  ; No                         ; Yes                        ; 2.62 V                      ; 2.78e-08 V                  ; 2.64 V             ; -0.0109 V          ; 0.244 V                             ; 0.16 V                              ; 2.42e-09 s                 ; 2.37e-09 s                 ; No                        ; Yes                       ;
; DATA[11]      ; 2.5 V        ; 0 s                 ; 0 s                 ; 2.62 V                       ; 2.78e-08 V                   ; 2.71 V              ; -0.0349 V           ; 0.253 V                              ; 0.069 V                              ; 4.96e-10 s                  ; 5.19e-10 s                  ; No                         ; Yes                        ; 2.62 V                      ; 2.78e-08 V                  ; 2.71 V             ; -0.0349 V          ; 0.253 V                             ; 0.069 V                             ; 4.96e-10 s                 ; 5.19e-10 s                 ; No                        ; Yes                       ;
; DATA[12]      ; 2.5 V        ; 0 s                 ; 0 s                 ; 2.62 V                       ; 2.78e-08 V                   ; 2.72 V              ; -0.0408 V           ; 0.163 V                              ; 0.075 V                              ; 4.51e-10 s                  ; 4.33e-10 s                  ; No                         ; Yes                        ; 2.62 V                      ; 2.78e-08 V                  ; 2.72 V             ; -0.0408 V          ; 0.163 V                             ; 0.075 V                             ; 4.51e-10 s                 ; 4.33e-10 s                 ; No                        ; Yes                       ;
; DATA[13]      ; 2.5 V        ; 0 s                 ; 0 s                 ; 2.62 V                       ; 2.78e-08 V                   ; 2.71 V              ; -0.0349 V           ; 0.253 V                              ; 0.069 V                              ; 4.96e-10 s                  ; 5.19e-10 s                  ; No                         ; Yes                        ; 2.62 V                      ; 2.78e-08 V                  ; 2.71 V             ; -0.0349 V          ; 0.253 V                             ; 0.069 V                             ; 4.96e-10 s                 ; 5.19e-10 s                 ; No                        ; Yes                       ;
; DATA[14]      ; 2.5 V        ; 0 s                 ; 0 s                 ; 2.62 V                       ; 4.11e-08 V                   ; 2.73 V              ; -0.0566 V           ; 0.191 V                              ; 0.12 V                               ; 2.69e-10 s                  ; 2.76e-10 s                  ; Yes                        ; Yes                        ; 2.62 V                      ; 4.11e-08 V                  ; 2.73 V             ; -0.0566 V          ; 0.191 V                             ; 0.12 V                              ; 2.69e-10 s                 ; 2.76e-10 s                 ; Yes                       ; Yes                       ;
; DATA[15]      ; 2.5 V        ; 0 s                 ; 0 s                 ; 2.62 V                       ; 2.78e-08 V                   ; 2.72 V              ; -0.0408 V           ; 0.163 V                              ; 0.075 V                              ; 4.51e-10 s                  ; 4.33e-10 s                  ; No                         ; Yes                        ; 2.62 V                      ; 2.78e-08 V                  ; 2.72 V             ; -0.0408 V          ; 0.163 V                             ; 0.075 V                             ; 4.51e-10 s                 ; 4.33e-10 s                 ; No                        ; Yes                       ;
; ~ALTERA_DCLK~ ; 2.5 V        ; 0 s                 ; 0 s                 ; 2.62 V                       ; 2.22e-08 V                   ; 2.72 V              ; -0.0747 V           ; 0.28 V                               ; 0.169 V                              ; 3.1e-10 s                   ; 3.01e-10 s                  ; No                         ; Yes                        ; 2.62 V                      ; 2.22e-08 V                  ; 2.72 V             ; -0.0747 V          ; 0.28 V                              ; 0.169 V                             ; 3.1e-10 s                  ; 3.01e-10 s                 ; No                        ; Yes                       ;
; ~ALTERA_nCEO~ ; 2.5 V        ; 0 s                 ; 0 s                 ; 2.62 V                       ; 3.53e-08 V                   ; 2.7 V               ; -0.0212 V           ; 0.204 V                              ; 0.049 V                              ; 4.85e-10 s                  ; 6.73e-10 s                  ; No                         ; Yes                        ; 2.62 V                      ; 3.53e-08 V                  ; 2.7 V              ; -0.0212 V          ; 0.204 V                             ; 0.049 V                             ; 4.85e-10 s                 ; 6.73e-10 s                 ; No                        ; Yes                       ;
+---------------+--------------+---------------------+---------------------+------------------------------+------------------------------+---------------------+---------------------+--------------------------------------+--------------------------------------+-----------------------------+-----------------------------+----------------------------+----------------------------+-----------------------------+-----------------------------+--------------------+--------------------+-------------------------------------+-------------------------------------+----------------------------+----------------------------+---------------------------+---------------------------+


-------------------
; Clock Transfers ;
-------------------
Nothing to report.


---------------
; Report TCCS ;
---------------
No dedicated SERDES Transmitter circuitry present in device or used in design


---------------
; Report RSKM ;
---------------
No dedicated SERDES Receiver circuitry present in device or used in design


+------------------------------------------------+
; Unconstrained Paths                            ;
+---------------------------------+-------+------+
; Property                        ; Setup ; Hold ;
+---------------------------------+-------+------+
; Illegal Clocks                  ; 0     ; 0    ;
; Unconstrained Clocks            ; 0     ; 0    ;
; Unconstrained Input Ports       ; 5     ; 5    ;
; Unconstrained Input Port Paths  ; 69    ; 69   ;
; Unconstrained Output Ports      ; 14    ; 14   ;
; Unconstrained Output Port Paths ; 69    ; 69   ;
+---------------------------------+-------+------+


+------------------------------------+
; TimeQuest Timing Analyzer Messages ;
+------------------------------------+
Info: *******************************************************************
Info: Running Quartus II 64-Bit TimeQuest Timing Analyzer
    Info: Version 13.0.1 Build 232 06/12/2013 Service Pack 1 SJ Web Edition
    Info: Processing started: Wed Dec 28 18:49:25 2016
Info: Command: quartus_sta RAM_MEMORY -c RAM_MEMORY
Info: qsta_default_script.tcl version: #1
Warning (20028): Parallel compilation is not licensed and has been disabled
Info (21077): Core supply voltage is 1.2V
Info (21077): Low junction temperature is 0 degrees C
Info (21077): High junction temperature is 85 degrees C
Critical Warning (332012): Synopsys Design Constraints File file not found: 'RAM_MEMORY.sdc'. A Synopsys Design Constraints File is required by the TimeQuest Timing Analyzer to get proper timing constraints. Without it, the Compiler will not properly optimize the design.
Info (332142): No user constrained base clocks found in the design. Calling "derive_clocks -period 1.0"
Info (332096): The command derive_clocks did not find any clocks to derive.  No clocks were created or changed.
Warning (332068): No clocks defined in design.
Info (332143): No user constrained clock uncertainty found in the design. Calling "derive_clock_uncertainty"
Info (332154): The derive_clock_uncertainty command did not apply clock uncertainty to any clock-to-clock transfers.
Info: Found TIMEQUEST_REPORT_SCRIPT_INCLUDE_DEFAULT_ANALYSIS = ON
Info (332159): No clocks to report
Info: Analyzing Slow 1200mV 85C Model
Info (332140): No fmax paths to report
Info (332140): No Setup paths to report
Info (332140): No Hold paths to report
Info (332140): No Recovery paths to report
Info (332140): No Removal paths to report
Info (332140): No Minimum Pulse Width paths to report
Info: Analyzing Slow 1200mV 0C Model
Info (334003): Started post-fitting delay annotation
Info (334004): Delay annotation completed successfully
Info (332142): No user constrained base clocks found in the design. Calling "derive_clocks -period 1.0"
Info (332096): The command derive_clocks did not find any clocks to derive.  No clocks were created or changed.
Warning (332068): No clocks defined in design.
Info (332154): The derive_clock_uncertainty command did not apply clock uncertainty to any clock-to-clock transfers.
Info (332140): No fmax paths to report
Info (332140): No Setup paths to report
Info (332140): No Hold paths to report
Info (332140): No Recovery paths to report
Info (332140): No Removal paths to report
Info (332140): No Minimum Pulse Width paths to report
Info: Analyzing Fast 1200mV 0C Model
Info (332142): No user constrained base clocks found in the design. Calling "derive_clocks -period 1.0"
Info (332096): The command derive_clocks did not find any clocks to derive.  No clocks were created or changed.
Warning (332068): No clocks defined in design.
Info (332154): The derive_clock_uncertainty command did not apply clock uncertainty to any clock-to-clock transfers.
Info (332140): No Setup paths to report
Info (332140): No Hold paths to report
Info (332140): No Recovery paths to report
Info (332140): No Removal paths to report
Info (332140): No Minimum Pulse Width paths to report
Info (332102): Design is not fully constrained for setup requirements
Info (332102): Design is not fully constrained for hold requirements
Info: Quartus II 64-Bit TimeQuest Timing Analyzer was successful. 0 errors, 5 warnings
    Info: Peak virtual memory: 478 megabytes
    Info: Processing ended: Wed Dec 28 18:49:28 2016
    Info: Elapsed time: 00:00:03
    Info: Total CPU time (on all processors): 00:00:02


