Analysis & Synthesis report for VGA
Sat Aug 06 19:05:45 2016
Quartus II 64-Bit Version 13.0.1 Build 232 06/12/2013 Service Pack 1 SJ Web Edition


---------------------
; Table of Contents ;
---------------------
  1. Legal Notice
  2. Analysis & Synthesis Summary
  3. Analysis & Synthesis Settings
  4. Parallel Compilation
  5. Analysis & Synthesis Source Files Read
  6. Analysis & Synthesis Resource Usage Summary
  7. Analysis & Synthesis Resource Utilization by Entity
  8. Registers Removed During Synthesis
  9. General Register Statistics
 10. Inverted Register Statistics
 11. Multiplexer Restructuring Statistics (Restructuring Performed)
 12. Port Connectivity Checks: "VGA_SYNC:SYNC"
 13. Port Connectivity Checks: "FQDIVIDER:CLK"
 14. Elapsed Time Per Partition
 15. Analysis & Synthesis Messages



----------------
; Legal Notice ;
----------------
Copyright (C) 1991-2013 Altera Corporation
Your use of Altera Corporation's design tools, logic functions 
and other software and tools, and its AMPP partner logic 
functions, and any output files from any of the foregoing 
(including device programming or simulation files), and any 
associated documentation or information are expressly subject 
to the terms and conditions of the Altera Program License 
Subscription Agreement, Altera MegaCore Function License 
Agreement, or other applicable license agreement, including, 
without limitation, that your use is for the sole purpose of 
programming logic devices manufactured by Altera and sold by 
Altera or its authorized distributors.  Please refer to the 
applicable agreement for further details.



+--------------------------------------------------------------------------------------+
; Analysis & Synthesis Summary                                                         ;
+------------------------------------+-------------------------------------------------+
; Analysis & Synthesis Status        ; Successful - Sat Aug 06 19:05:45 2016           ;
; Quartus II 64-Bit Version          ; 13.0.1 Build 232 06/12/2013 SP 1 SJ Web Edition ;
; Revision Name                      ; VGA                                             ;
; Top-level Entity Name              ; VGA                                             ;
; Family                             ; Cyclone III                                     ;
; Total logic elements               ; 1,229                                           ;
;     Total combinational functions  ; 1,203                                           ;
;     Dedicated logic registers      ; 567                                             ;
; Total registers                    ; 567                                             ;
; Total pins                         ; 27                                              ;
; Total virtual pins                 ; 0                                               ;
; Total memory bits                  ; 0                                               ;
; Embedded Multiplier 9-bit elements ; 0                                               ;
; Total PLLs                         ; 0                                               ;
+------------------------------------+-------------------------------------------------+


+----------------------------------------------------------------------------------------------------------------------+
; Analysis & Synthesis Settings                                                                                        ;
+----------------------------------------------------------------------------+--------------------+--------------------+
; Option                                                                     ; Setting            ; Default Value      ;
+----------------------------------------------------------------------------+--------------------+--------------------+
; Device                                                                     ; EP3C16F484C6       ;                    ;
; Top-level entity name                                                      ; VGA                ; VGA                ;
; Family name                                                                ; Cyclone III        ; Cyclone IV GX      ;
; Type of Retiming Performed During Resynthesis                              ; Full               ;                    ;
; Resynthesis Optimization Effort                                            ; Normal             ;                    ;
; Physical Synthesis Level for Resynthesis                                   ; Normal             ;                    ;
; Use Generated Physical Constraints File                                    ; On                 ;                    ;
; Use smart compilation                                                      ; Off                ; Off                ;
; Enable parallel Assembler and TimeQuest Timing Analyzer during compilation ; On                 ; On                 ;
; Enable compact report table                                                ; Off                ; Off                ;
; Restructure Multiplexers                                                   ; Auto               ; Auto               ;
; Create Debugging Nodes for IP Cores                                        ; Off                ; Off                ;
; Preserve fewer node names                                                  ; On                 ; On                 ;
; Disable OpenCore Plus hardware evaluation                                  ; Off                ; Off                ;
; Verilog Version                                                            ; Verilog_2001       ; Verilog_2001       ;
; VHDL Version                                                               ; VHDL_1993          ; VHDL_1993          ;
; State Machine Processing                                                   ; Auto               ; Auto               ;
; Safe State Machine                                                         ; Off                ; Off                ;
; Extract Verilog State Machines                                             ; On                 ; On                 ;
; Extract VHDL State Machines                                                ; On                 ; On                 ;
; Ignore Verilog initial constructs                                          ; Off                ; Off                ;
; Iteration limit for constant Verilog loops                                 ; 5000               ; 5000               ;
; Iteration limit for non-constant Verilog loops                             ; 250                ; 250                ;
; Add Pass-Through Logic to Inferred RAMs                                    ; On                 ; On                 ;
; Infer RAMs from Raw Logic                                                  ; On                 ; On                 ;
; Parallel Synthesis                                                         ; On                 ; On                 ;
; DSP Block Balancing                                                        ; Auto               ; Auto               ;
; NOT Gate Push-Back                                                         ; On                 ; On                 ;
; Power-Up Don't Care                                                        ; On                 ; On                 ;
; Remove Redundant Logic Cells                                               ; Off                ; Off                ;
; Remove Duplicate Registers                                                 ; On                 ; On                 ;
; Ignore CARRY Buffers                                                       ; Off                ; Off                ;
; Ignore CASCADE Buffers                                                     ; Off                ; Off                ;
; Ignore GLOBAL Buffers                                                      ; Off                ; Off                ;
; Ignore ROW GLOBAL Buffers                                                  ; Off                ; Off                ;
; Ignore LCELL Buffers                                                       ; Off                ; Off                ;
; Ignore SOFT Buffers                                                        ; On                 ; On                 ;
; Limit AHDL Integers to 32 Bits                                             ; Off                ; Off                ;
; Optimization Technique                                                     ; Balanced           ; Balanced           ;
; Carry Chain Length                                                         ; 70                 ; 70                 ;
; Auto Carry Chains                                                          ; On                 ; On                 ;
; Auto Open-Drain Pins                                                       ; On                 ; On                 ;
; Perform WYSIWYG Primitive Resynthesis                                      ; Off                ; Off                ;
; Auto ROM Replacement                                                       ; On                 ; On                 ;
; Auto RAM Replacement                                                       ; On                 ; On                 ;
; Auto DSP Block Replacement                                                 ; On                 ; On                 ;
; Auto Shift Register Replacement                                            ; Auto               ; Auto               ;
; Allow Shift Register Merging across Hierarchies                            ; Auto               ; Auto               ;
; Auto Clock Enable Replacement                                              ; On                 ; On                 ;
; Strict RAM Replacement                                                     ; Off                ; Off                ;
; Allow Synchronous Control Signals                                          ; On                 ; On                 ;
; Force Use of Synchronous Clear Signals                                     ; Off                ; Off                ;
; Auto RAM Block Balancing                                                   ; On                 ; On                 ;
; Auto RAM to Logic Cell Conversion                                          ; Off                ; Off                ;
; Auto Resource Sharing                                                      ; Off                ; Off                ;
; Allow Any RAM Size For Recognition                                         ; Off                ; Off                ;
; Allow Any ROM Size For Recognition                                         ; Off                ; Off                ;
; Allow Any Shift Register Size For Recognition                              ; Off                ; Off                ;
; Use LogicLock Constraints during Resource Balancing                        ; On                 ; On                 ;
; Ignore translate_off and synthesis_off directives                          ; Off                ; Off                ;
; Timing-Driven Synthesis                                                    ; On                 ; On                 ;
; Report Parameter Settings                                                  ; On                 ; On                 ;
; Report Source Assignments                                                  ; On                 ; On                 ;
; Report Connectivity Checks                                                 ; On                 ; On                 ;
; Ignore Maximum Fan-Out Assignments                                         ; Off                ; Off                ;
; Synchronization Register Chain Length                                      ; 2                  ; 2                  ;
; PowerPlay Power Optimization                                               ; Normal compilation ; Normal compilation ;
; HDL message level                                                          ; Level2             ; Level2             ;
; Suppress Register Optimization Related Messages                            ; Off                ; Off                ;
; Number of Removed Registers Reported in Synthesis Report                   ; 5000               ; 5000               ;
; Number of Swept Nodes Reported in Synthesis Report                         ; 5000               ; 5000               ;
; Number of Inverted Registers Reported in Synthesis Report                  ; 100                ; 100                ;
; Clock MUX Protection                                                       ; On                 ; On                 ;
; Auto Gated Clock Conversion                                                ; Off                ; Off                ;
; Block Design Naming                                                        ; Auto               ; Auto               ;
; SDC constraint protection                                                  ; Off                ; Off                ;
; Synthesis Effort                                                           ; Auto               ; Auto               ;
; Shift Register Replacement - Allow Asynchronous Clear Signal               ; On                 ; On                 ;
; Pre-Mapping Resynthesis Optimization                                       ; Off                ; Off                ;
; Analysis & Synthesis Message Level                                         ; Medium             ; Medium             ;
; Disable Register Merging Across Hierarchies                                ; Auto               ; Auto               ;
; Resource Aware Inference For Block RAM                                     ; On                 ; On                 ;
; Synthesis Seed                                                             ; 1                  ; 1                  ;
+----------------------------------------------------------------------------+--------------------+--------------------+


Parallel compilation was disabled, but you have multiple processors available. Enable parallel compilation to reduce compilation time.
+-------------------------------------+
; Parallel Compilation                ;
+----------------------------+--------+
; Processors                 ; Number ;
+----------------------------+--------+
; Number detected on machine ; 4      ;
; Maximum allowed            ; 1      ;
+----------------------------+--------+


+---------------------------------------------------------------------------------------------------------------------------------------------------------------+
; Analysis & Synthesis Source Files Read                                                                                                                        ;
+----------------------------------+-----------------+-----------------+------------------------------------------------------------------------------+---------+
; File Name with User-Entered Path ; Used in Netlist ; File Type       ; File Name with Absolute Path                                                 ; Library ;
+----------------------------------+-----------------+-----------------+------------------------------------------------------------------------------+---------+
; VGA.vhd                          ; yes             ; User VHDL File  ; C:/Carlos Perez Araujo/Proyectos Personales/Quartus ii/VGA/VGA.vhd           ;         ;
; VGA_SYNC.vhd                     ; yes             ; User VHDL File  ; C:/Carlos Perez Araujo/Proyectos Personales/Quartus ii/VGA/VGA_SYNC.vhd      ;         ;
; VGA_LIBRERIA.vhd                 ; yes             ; User VHDL File  ; C:/Carlos Perez Araujo/Proyectos Personales/Quartus ii/VGA/VGA_LIBRERIA.vhd  ;         ;
; FQDIVIDER.vhd                    ; yes             ; User VHDL File  ; C:/Carlos Perez Araujo/Proyectos Personales/Quartus ii/VGA/FQDIVIDER.vhd     ;         ;
; DEBOUNCE.vhd                     ; yes             ; User VHDL File  ; C:/Carlos Perez Araujo/Proyectos Personales/Quartus ii/VGA/DEBOUNCE.vhd      ;         ;
; CLK100HZ.vhd                     ; yes             ; User VHDL File  ; C:/Carlos Perez Araujo/Proyectos Personales/Quartus ii/VGA/CLK100HZ.vhd      ;         ;
; PIANO_SPEAKER.vhd                ; yes             ; User VHDL File  ; C:/Carlos Perez Araujo/Proyectos Personales/Quartus ii/VGA/PIANO_SPEAKER.vhd ;         ;
+----------------------------------+-----------------+-----------------+------------------------------------------------------------------------------+---------+


+---------------------------------------------------------------+
; Analysis & Synthesis Resource Usage Summary                   ;
+---------------------------------------------+-----------------+
; Resource                                    ; Usage           ;
+---------------------------------------------+-----------------+
; Estimated Total logic elements              ; 1,229           ;
;                                             ;                 ;
; Total combinational functions               ; 1203            ;
; Logic element usage by number of LUT inputs ;                 ;
;     -- 4 input functions                    ; 368             ;
;     -- 3 input functions                    ; 168             ;
;     -- <=2 input functions                  ; 667             ;
;                                             ;                 ;
; Logic elements by mode                      ;                 ;
;     -- normal mode                          ; 612             ;
;     -- arithmetic mode                      ; 591             ;
;                                             ;                 ;
; Total registers                             ; 567             ;
;     -- Dedicated logic registers            ; 567             ;
;     -- I/O registers                        ; 0               ;
;                                             ;                 ;
; I/O pins                                    ; 27              ;
; Embedded Multiplier 9-bit elements          ; 0               ;
; Maximum fan-out node                        ; CLK_50MHz~input ;
; Maximum fan-out                             ; 286             ;
; Total fan-out                               ; 4966            ;
; Average fan-out                             ; 2.72            ;
+---------------------------------------------+-----------------+


+----------------------------------------------------------------------------------------------------------------------------------------------------------------------------------------------+
; Analysis & Synthesis Resource Utilization by Entity                                                                                                                                          ;
+---------------------------------+-------------------+--------------+-------------+--------------+---------+-----------+------+--------------+---------------------------------+--------------+
; Compilation Hierarchy Node      ; LC Combinationals ; LC Registers ; Memory Bits ; DSP Elements ; DSP 9x9 ; DSP 18x18 ; Pins ; Virtual Pins ; Full Hierarchy Name             ; Library Name ;
+---------------------------------+-------------------+--------------+-------------+--------------+---------+-----------+------+--------------+---------------------------------+--------------+
; |VGA                            ; 1203 (743)        ; 567 (237)    ; 0           ; 0            ; 0       ; 0         ; 27   ; 0            ; |VGA                            ; work         ;
;    |CLK100HZ:CLK100|            ; 34 (34)           ; 20 (20)      ; 0           ; 0            ; 0       ; 0         ; 0    ; 0            ; |VGA|CLK100HZ:CLK100            ; work         ;
;    |DEBOUNCE:DEBDOB|            ; 1 (1)             ; 3 (3)        ; 0           ; 0            ; 0       ; 0         ; 0    ; 0            ; |VGA|DEBOUNCE:DEBDOB            ; work         ;
;    |DEBOUNCE:DEBDO|             ; 1 (1)             ; 3 (3)        ; 0           ; 0            ; 0       ; 0         ; 0    ; 0            ; |VGA|DEBOUNCE:DEBDO             ; work         ;
;    |DEBOUNCE:DEBFA|             ; 1 (1)             ; 3 (3)        ; 0           ; 0            ; 0       ; 0         ; 0    ; 0            ; |VGA|DEBOUNCE:DEBFA             ; work         ;
;    |DEBOUNCE:DEBLA|             ; 1 (1)             ; 3 (3)        ; 0           ; 0            ; 0       ; 0         ; 0    ; 0            ; |VGA|DEBOUNCE:DEBLA             ; work         ;
;    |DEBOUNCE:DEBMI|             ; 1 (1)             ; 3 (3)        ; 0           ; 0            ; 0       ; 0         ; 0    ; 0            ; |VGA|DEBOUNCE:DEBMI             ; work         ;
;    |DEBOUNCE:DEBSI|             ; 1 (1)             ; 3 (3)        ; 0           ; 0            ; 0       ; 0         ; 0    ; 0            ; |VGA|DEBOUNCE:DEBSI             ; work         ;
;    |DEBOUNCE:DEBSOL|            ; 1 (1)             ; 3 (3)        ; 0           ; 0            ; 0       ; 0         ; 0    ; 0            ; |VGA|DEBOUNCE:DEBSOL            ; work         ;
;    |DEBOUNCE:DERE|              ; 1 (1)             ; 3 (3)        ; 0           ; 0            ; 0       ; 0         ; 0    ; 0            ; |VGA|DEBOUNCE:DERE              ; work         ;
;    |FQDIVIDER:CLK|              ; 1 (1)             ; 1 (1)        ; 0           ; 0            ; 0       ; 0         ; 0    ; 0            ; |VGA|FQDIVIDER:CLK              ; work         ;
;    |PIANO_SPEAKER:PIANOSPEAKER| ; 356 (356)         ; 265 (265)    ; 0           ; 0            ; 0       ; 0         ; 0    ; 0            ; |VGA|PIANO_SPEAKER:PIANOSPEAKER ; work         ;
;    |VGA_SYNC:SYNC|              ; 61 (61)           ; 20 (20)      ; 0           ; 0            ; 0       ; 0         ; 0    ; 0            ; |VGA|VGA_SYNC:SYNC              ; work         ;
+---------------------------------+-------------------+--------------+-------------+--------------+---------+-----------+------+--------------+---------------------------------+--------------+
Note: For table entries with two numbers listed, the numbers in parentheses indicate the number of resources of the given type used by the specific entity alone. The numbers listed outside of parentheses indicate the total resources of the given type used by the specific entity and all of its sub-entities in the hierarchy.


+--------------------------------------------------------------------------------+
; Registers Removed During Synthesis                                             ;
+---------------------------------------+----------------------------------------+
; Register name                         ; Reason for Removal                     ;
+---------------------------------------+----------------------------------------+
; R[2]~reg0                             ; Stuck at GND due to stuck port data_in ;
; R[3]~reg0                             ; Stuck at GND due to stuck port data_in ;
; Total Number of Removed Registers = 2 ;                                        ;
+---------------------------------------+----------------------------------------+


+------------------------------------------------------+
; General Register Statistics                          ;
+----------------------------------------------+-------+
; Statistic                                    ; Value ;
+----------------------------------------------+-------+
; Total registers                              ; 567   ;
; Number of registers using Synchronous Clear  ; 288   ;
; Number of registers using Synchronous Load   ; 0     ;
; Number of registers using Asynchronous Clear ; 20    ;
; Number of registers using Asynchronous Load  ; 0     ;
; Number of registers using Clock Enable       ; 194   ;
; Number of registers using Preset             ; 0     ;
+----------------------------------------------+-------+


+-----------------------------------------------------+
; Inverted Register Statistics                        ;
+-------------------------------------------+---------+
; Inverted Register                         ; Fan out ;
+-------------------------------------------+---------+
; FALLING_BLOCK_F1[10]                      ; 4       ;
; FALLING_BLOCK_F1[9]                       ; 4       ;
; FALLING_BLOCK_F1[8]                       ; 4       ;
; FALLING_BLOCK_F1[6]                       ; 4       ;
; FALLING_BLOCK_F1[5]                       ; 4       ;
; FALLING_BLOCK_F1[4]                       ; 4       ;
; FALLING_BLOCK_F1[3]                       ; 4       ;
; FALLING_BLOCK_F1[0]                       ; 3       ;
; FALLING_BLOCK_I1[9]                       ; 3       ;
; FALLING_BLOCK_I1[8]                       ; 3       ;
; FALLING_BLOCK_I1[6]                       ; 3       ;
; FALLING_BLOCK_I1[5]                       ; 3       ;
; FALLING_BLOCK_I1[4]                       ; 3       ;
; FALLING_BLOCK_I1[3]                       ; 3       ;
; FALLING_BLOCK_I1[0]                       ; 3       ;
; FALLING_BLOCK_I1[10]                      ; 3       ;
; FALLING_BLOCK_F2[10]                      ; 4       ;
; FALLING_BLOCK_F2[9]                       ; 4       ;
; FALLING_BLOCK_F2[7]                       ; 4       ;
; FALLING_BLOCK_F2[6]                       ; 4       ;
; FALLING_BLOCK_F2[5]                       ; 4       ;
; FALLING_BLOCK_F2[3]                       ; 4       ;
; FALLING_BLOCK_F2[2]                       ; 4       ;
; FALLING_BLOCK_F2[0]                       ; 2       ;
; FALLING_BLOCK_I2[9]                       ; 3       ;
; FALLING_BLOCK_I2[7]                       ; 3       ;
; FALLING_BLOCK_I2[6]                       ; 3       ;
; FALLING_BLOCK_I2[5]                       ; 3       ;
; FALLING_BLOCK_I2[3]                       ; 3       ;
; FALLING_BLOCK_I2[2]                       ; 3       ;
; FALLING_BLOCK_I2[0]                       ; 3       ;
; FALLING_BLOCK_I2[10]                      ; 3       ;
; FALLING_BLOCK_F1[11]                      ; 3       ;
; FALLING_BLOCK_F1[12]                      ; 3       ;
; FALLING_BLOCK_F1[13]                      ; 3       ;
; FALLING_BLOCK_F1[14]                      ; 3       ;
; FALLING_BLOCK_F1[15]                      ; 3       ;
; FALLING_BLOCK_F1[16]                      ; 3       ;
; FALLING_BLOCK_F1[17]                      ; 3       ;
; FALLING_BLOCK_F1[18]                      ; 3       ;
; FALLING_BLOCK_F1[19]                      ; 3       ;
; FALLING_BLOCK_F1[20]                      ; 3       ;
; FALLING_BLOCK_F1[21]                      ; 3       ;
; FALLING_BLOCK_F1[22]                      ; 3       ;
; FALLING_BLOCK_F1[23]                      ; 3       ;
; FALLING_BLOCK_F1[24]                      ; 3       ;
; FALLING_BLOCK_F1[25]                      ; 3       ;
; FALLING_BLOCK_F1[26]                      ; 3       ;
; FALLING_BLOCK_F1[27]                      ; 3       ;
; FALLING_BLOCK_F1[28]                      ; 3       ;
; FALLING_BLOCK_F1[29]                      ; 4       ;
; FALLING_BLOCK_F1[30]                      ; 4       ;
; FALLING_BLOCK_F1[31]                      ; 4       ;
; FALLING_BLOCK_I1[31]                      ; 2       ;
; FALLING_BLOCK_I1[25]                      ; 2       ;
; FALLING_BLOCK_I1[26]                      ; 2       ;
; FALLING_BLOCK_I1[27]                      ; 2       ;
; FALLING_BLOCK_I1[28]                      ; 2       ;
; FALLING_BLOCK_I1[29]                      ; 2       ;
; FALLING_BLOCK_I1[30]                      ; 2       ;
; FALLING_BLOCK_I1[11]                      ; 2       ;
; FALLING_BLOCK_I1[12]                      ; 2       ;
; FALLING_BLOCK_I1[13]                      ; 2       ;
; FALLING_BLOCK_I1[14]                      ; 2       ;
; FALLING_BLOCK_I1[15]                      ; 2       ;
; FALLING_BLOCK_I1[16]                      ; 2       ;
; FALLING_BLOCK_I1[17]                      ; 2       ;
; FALLING_BLOCK_I1[18]                      ; 2       ;
; FALLING_BLOCK_I1[19]                      ; 2       ;
; FALLING_BLOCK_I1[20]                      ; 2       ;
; FALLING_BLOCK_I1[21]                      ; 2       ;
; FALLING_BLOCK_I1[22]                      ; 2       ;
; FALLING_BLOCK_I1[23]                      ; 2       ;
; FALLING_BLOCK_I1[24]                      ; 2       ;
; DRAW2                                     ; 4       ;
; FALLING_BLOCK_F2[11]                      ; 3       ;
; FALLING_BLOCK_F2[12]                      ; 3       ;
; FALLING_BLOCK_F2[13]                      ; 3       ;
; FALLING_BLOCK_F2[14]                      ; 3       ;
; FALLING_BLOCK_F2[15]                      ; 3       ;
; FALLING_BLOCK_F2[16]                      ; 3       ;
; FALLING_BLOCK_F2[17]                      ; 3       ;
; FALLING_BLOCK_F2[18]                      ; 3       ;
; FALLING_BLOCK_F2[19]                      ; 3       ;
; FALLING_BLOCK_F2[20]                      ; 3       ;
; FALLING_BLOCK_F2[21]                      ; 3       ;
; FALLING_BLOCK_F2[22]                      ; 3       ;
; FALLING_BLOCK_F2[23]                      ; 3       ;
; FALLING_BLOCK_F2[24]                      ; 3       ;
; FALLING_BLOCK_F2[25]                      ; 3       ;
; FALLING_BLOCK_F2[26]                      ; 3       ;
; FALLING_BLOCK_F2[27]                      ; 3       ;
; FALLING_BLOCK_F2[28]                      ; 3       ;
; FALLING_BLOCK_F2[29]                      ; 4       ;
; FALLING_BLOCK_F2[30]                      ; 4       ;
; FALLING_BLOCK_F2[31]                      ; 4       ;
; DRAW3                                     ; 4       ;
; FALLING_BLOCK_I2[31]                      ; 2       ;
; FALLING_BLOCK_I2[25]                      ; 2       ;
; FALLING_BLOCK_I2[26]                      ; 2       ;
; Total number of inverted registers = 119* ;         ;
+-------------------------------------------+---------+
* Table truncated at 100 items. To change the number of inverted registers reported, set the "Number of Inverted Registers Reported" option under Assignments->Settings->Analysis and Synthesis Settings->More Settings


+------------------------------------------------------------------------------------------------------------------------------------------+
; Multiplexer Restructuring Statistics (Restructuring Performed)                                                                           ;
+--------------------+-----------+---------------+----------------------+------------------------+------------+----------------------------+
; Multiplexer Inputs ; Bus Width ; Baseline Area ; Area if Restructured ; Saving if Restructured ; Registered ; Example Multiplexer Output ;
+--------------------+-----------+---------------+----------------------+------------------------+------------+----------------------------+
; 3:1                ; 3 bits    ; 6 LEs         ; 3 LEs                ; 3 LEs                  ; Yes        ; |VGA|FALLING_BLOCK_I2[8]   ;
; 3:1                ; 3 bits    ; 6 LEs         ; 3 LEs                ; 3 LEs                  ; Yes        ; |VGA|FALLING_BLOCK_I1[7]   ;
; 3:1                ; 32 bits   ; 64 LEs        ; 32 LEs               ; 32 LEs                 ; Yes        ; |VGA|FALLING_BLOCK_I[4]    ;
; 4:1                ; 3 bits    ; 6 LEs         ; 3 LEs                ; 3 LEs                  ; Yes        ; |VGA|FALLING_BLOCK_F2[4]   ;
; 4:1                ; 3 bits    ; 6 LEs         ; 3 LEs                ; 3 LEs                  ; Yes        ; |VGA|FALLING_BLOCK_F1[2]   ;
; 4:1                ; 32 bits   ; 64 LEs        ; 32 LEs               ; 32 LEs                 ; Yes        ; |VGA|FALLING_BLOCK_F[27]   ;
; 22:1               ; 3 bits    ; 42 LEs        ; 42 LEs               ; 0 LEs                  ; Yes        ; |VGA|R[0]~reg0             ;
; 23:1               ; 2 bits    ; 30 LEs        ; 30 LEs               ; 0 LEs                  ; Yes        ; |VGA|G[0]~reg0             ;
; 3:1                ; 29 bits   ; 58 LEs        ; 29 LEs               ; 29 LEs                 ; Yes        ; |VGA|FALLING_BLOCK_I2[20]  ;
; 3:1                ; 29 bits   ; 58 LEs        ; 29 LEs               ; 29 LEs                 ; Yes        ; |VGA|FALLING_BLOCK_I1[28]  ;
; 4:1                ; 29 bits   ; 58 LEs        ; 29 LEs               ; 29 LEs                 ; Yes        ; |VGA|FALLING_BLOCK_F2[25]  ;
; 4:1                ; 29 bits   ; 58 LEs        ; 29 LEs               ; 29 LEs                 ; Yes        ; |VGA|FALLING_BLOCK_F1[3]   ;
; 22:1               ; 2 bits    ; 28 LEs        ; 2 LEs                ; 26 LEs                 ; No         ; |VGA|B                     ;
+--------------------+-----------+---------------+----------------------+------------------------+------------+----------------------------+


+--------------------------------------------------------------------------------------------------------------------+
; Port Connectivity Checks: "VGA_SYNC:SYNC"                                                                          ;
+----------+--------+----------+-------------------------------------------------------------------------------------+
; Port     ; Type   ; Severity ; Details                                                                             ;
+----------+--------+----------+-------------------------------------------------------------------------------------+
; video_on ; Output ; Info     ; Connected to dangling logic. Logic that only feeds a dangling port will be removed. ;
+----------+--------+----------+-------------------------------------------------------------------------------------+


+-------------------------------------------+
; Port Connectivity Checks: "FQDIVIDER:CLK" ;
+------+-------+----------+-----------------+
; Port ; Type  ; Severity ; Details         ;
+------+-------+----------+-----------------+
; rst  ; Input ; Info     ; Stuck at GND    ;
+------+-------+----------+-----------------+


+-------------------------------+
; Elapsed Time Per Partition    ;
+----------------+--------------+
; Partition Name ; Elapsed Time ;
+----------------+--------------+
; Top            ; 00:00:06     ;
+----------------+--------------+


+-------------------------------+
; Analysis & Synthesis Messages ;
+-------------------------------+
Info: *******************************************************************
Info: Running Quartus II 64-Bit Analysis & Synthesis
    Info: Version 13.0.1 Build 232 06/12/2013 Service Pack 1 SJ Web Edition
    Info: Processing started: Sat Aug 06 19:05:35 2016
Info: Command: quartus_map --read_settings_files=on --write_settings_files=off VGA -c VGA
Warning (20028): Parallel compilation is not licensed and has been disabled
Info (12021): Found 2 design units, including 1 entities, in source file vga.vhd
    Info (12022): Found design unit 1: VGA-BEHAVIORAL
    Info (12023): Found entity 1: VGA
Info (12021): Found 2 design units, including 1 entities, in source file vga_sync.vhd
    Info (12022): Found design unit 1: VGA_SYNC-BEHAVIORAL
    Info (12023): Found entity 1: VGA_SYNC
Info (12021): Found 1 design units, including 0 entities, in source file vga_libreria.vhd
    Info (12022): Found design unit 1: VGA_LIBRERIA
Info (12021): Found 2 design units, including 1 entities, in source file fqdivider.vhd
    Info (12022): Found design unit 1: FQDIVIDER-BEHAVIORAL
    Info (12023): Found entity 1: FQDIVIDER
Info (12021): Found 2 design units, including 1 entities, in source file testbench.vhd
    Info (12022): Found design unit 1: TestBench-BEHAVIORAL
    Info (12023): Found entity 1: TestBench
Info (12021): Found 2 design units, including 1 entities, in source file debounce.vhd
    Info (12022): Found design unit 1: DEBOUNCE-Behavioral
    Info (12023): Found entity 1: DEBOUNCE
Info (12021): Found 2 design units, including 1 entities, in source file clk100hz.vhd
    Info (12022): Found design unit 1: CLK100HZ-Behavioral
    Info (12023): Found entity 1: CLK100HZ
Info (12021): Found 2 design units, including 1 entities, in source file piano_speaker.vhd
    Info (12022): Found design unit 1: PIANO_SPEAKER-BEHAVIORAL
    Info (12023): Found entity 1: PIANO_SPEAKER
Info (12127): Elaborating entity "VGA" for the top level hierarchy
Warning (10036): Verilog HDL or VHDL warning at VGA.vhd(80): object "VIDEO_ON" assigned a value but never read
Warning (10540): VHDL Signal Declaration warning at VGA.vhd(137): used explicit default value for signal "R_ST" because signal was never assigned a value
Info (12128): Elaborating entity "FQDIVIDER" for hierarchy "FQDIVIDER:CLK"
Info (12128): Elaborating entity "VGA_SYNC" for hierarchy "VGA_SYNC:SYNC"
Info (12128): Elaborating entity "CLK100HZ" for hierarchy "CLK100HZ:CLK100"
Info (12128): Elaborating entity "DEBOUNCE" for hierarchy "DEBOUNCE:DEBDO"
Info (12128): Elaborating entity "PIANO_SPEAKER" for hierarchy "PIANO_SPEAKER:PIANOSPEAKER"
Warning (13024): Output pins are stuck at VCC or GND
    Warning (13410): Pin "R[2]" is stuck at GND
    Warning (13410): Pin "R[3]" is stuck at GND
Info (286030): Timing-Driven Synthesis is running
Info (16010): Generating hard_block partition "hard_block:auto_generated_inst"
    Info (16011): Adding 0 node(s), including 0 DDIO, 0 PLL, 0 transceiver and 0 LCELL
Warning (21074): Design contains 2 input pin(s) that do not drive logic
    Warning (15610): No output dependent on input pin "IZQ"
    Warning (15610): No output dependent on input pin "DER"
Info (21057): Implemented 1259 device resources after synthesis - the final resource count might be different
    Info (21058): Implemented 12 input pins
    Info (21059): Implemented 15 output pins
    Info (21061): Implemented 1232 logic cells
Info: Quartus II 64-Bit Analysis & Synthesis was successful. 0 errors, 9 warnings
    Info: Peak virtual memory: 515 megabytes
    Info: Processing ended: Sat Aug 06 19:05:45 2016
    Info: Elapsed time: 00:00:10
    Info: Total CPU time (on all processors): 00:00:07


