Analysis & Synthesis report for UART
Sat Feb 25 15:50:36 2017
Quartus II 64-Bit Version 13.1.0 Build 162 10/23/2013 SJ Web Edition


---------------------
; Table of Contents ;
---------------------
  1. Legal Notice
  2. Analysis & Synthesis Summary
  3. Analysis & Synthesis Settings
  4. Parallel Compilation
  5. Analysis & Synthesis Source Files Read
  6. Analysis & Synthesis Resource Usage Summary
  7. Analysis & Synthesis Resource Utilization by Entity
  8. State Machine - |UART_Top_entity|UART_Receiver:receiver|state
  9. State Machine - |UART_Top_entity|UART_Transmitter:transmitter|state
 10. User-Specified and Inferred Latches
 11. Registers Removed During Synthesis
 12. General Register Statistics
 13. Inverted Register Statistics
 14. Multiplexer Restructuring Statistics (Restructuring Performed)
 15. Parameter Settings for User Entity Instance: Top-level Entity: |UART_Top_entity
 16. Parameter Settings for User Entity Instance: UART_Transmitter:transmitter
 17. Parameter Settings for User Entity Instance: UART_Receiver:receiver
 18. Elapsed Time Per Partition
 19. Analysis & Synthesis Messages



----------------
; Legal Notice ;
----------------
Copyright (C) 1991-2013 Altera Corporation
Your use of Altera Corporation's design tools, logic functions 
and other software and tools, and its AMPP partner logic 
functions, and any output files from any of the foregoing 
(including device programming or simulation files), and any 
associated documentation or information are expressly subject 
to the terms and conditions of the Altera Program License 
Subscription Agreement, Altera MegaCore Function License 
Agreement, or other applicable license agreement, including, 
without limitation, that your use is for the sole purpose of 
programming logic devices manufactured by Altera and sold by 
Altera or its authorized distributors.  Please refer to the 
applicable agreement for further details.



+---------------------------------------------------------------------------------+
; Analysis & Synthesis Summary                                                    ;
+------------------------------------+--------------------------------------------+
; Analysis & Synthesis Status        ; Successful - Sat Feb 25 15:50:36 2017      ;
; Quartus II 64-Bit Version          ; 13.1.0 Build 162 10/23/2013 SJ Web Edition ;
; Revision Name                      ; UART                                       ;
; Top-level Entity Name              ; UART_Top_entity                            ;
; Family                             ; Cyclone III                                ;
; Total logic elements               ; 135                                        ;
;     Total combinational functions  ; 133                                        ;
;     Dedicated logic registers      ; 91                                         ;
; Total registers                    ; 91                                         ;
; Total pins                         ; 23                                         ;
; Total virtual pins                 ; 0                                          ;
; Total memory bits                  ; 0                                          ;
; Embedded Multiplier 9-bit elements ; 0                                          ;
; Total PLLs                         ; 0                                          ;
+------------------------------------+--------------------------------------------+


+----------------------------------------------------------------------------------------------------------------------+
; Analysis & Synthesis Settings                                                                                        ;
+----------------------------------------------------------------------------+--------------------+--------------------+
; Option                                                                     ; Setting            ; Default Value      ;
+----------------------------------------------------------------------------+--------------------+--------------------+
; Device                                                                     ; EP3C16U484C6       ;                    ;
; Top-level entity name                                                      ; UART_Top_entity    ; UART               ;
; Family name                                                                ; Cyclone III        ; Cyclone IV GX      ;
; Use smart compilation                                                      ; Off                ; Off                ;
; Enable parallel Assembler and TimeQuest Timing Analyzer during compilation ; On                 ; On                 ;
; Enable compact report table                                                ; Off                ; Off                ;
; Restructure Multiplexers                                                   ; Auto               ; Auto               ;
; Create Debugging Nodes for IP Cores                                        ; Off                ; Off                ;
; Preserve fewer node names                                                  ; On                 ; On                 ;
; Disable OpenCore Plus hardware evaluation                                  ; Off                ; Off                ;
; Verilog Version                                                            ; Verilog_2001       ; Verilog_2001       ;
; VHDL Version                                                               ; VHDL_1993          ; VHDL_1993          ;
; State Machine Processing                                                   ; Auto               ; Auto               ;
; Safe State Machine                                                         ; Off                ; Off                ;
; Extract Verilog State Machines                                             ; On                 ; On                 ;
; Extract VHDL State Machines                                                ; On                 ; On                 ;
; Ignore Verilog initial constructs                                          ; Off                ; Off                ;
; Iteration limit for constant Verilog loops                                 ; 5000               ; 5000               ;
; Iteration limit for non-constant Verilog loops                             ; 250                ; 250                ;
; Add Pass-Through Logic to Inferred RAMs                                    ; On                 ; On                 ;
; Infer RAMs from Raw Logic                                                  ; On                 ; On                 ;
; Parallel Synthesis                                                         ; On                 ; On                 ;
; DSP Block Balancing                                                        ; Auto               ; Auto               ;
; NOT Gate Push-Back                                                         ; On                 ; On                 ;
; Power-Up Don't Care                                                        ; On                 ; On                 ;
; Remove Redundant Logic Cells                                               ; Off                ; Off                ;
; Remove Duplicate Registers                                                 ; On                 ; On                 ;
; Ignore CARRY Buffers                                                       ; Off                ; Off                ;
; Ignore CASCADE Buffers                                                     ; Off                ; Off                ;
; Ignore GLOBAL Buffers                                                      ; Off                ; Off                ;
; Ignore ROW GLOBAL Buffers                                                  ; Off                ; Off                ;
; Ignore LCELL Buffers                                                       ; Off                ; Off                ;
; Ignore SOFT Buffers                                                        ; On                 ; On                 ;
; Limit AHDL Integers to 32 Bits                                             ; Off                ; Off                ;
; Optimization Technique                                                     ; Balanced           ; Balanced           ;
; Carry Chain Length                                                         ; 70                 ; 70                 ;
; Auto Carry Chains                                                          ; On                 ; On                 ;
; Auto Open-Drain Pins                                                       ; On                 ; On                 ;
; Perform WYSIWYG Primitive Resynthesis                                      ; Off                ; Off                ;
; Auto ROM Replacement                                                       ; On                 ; On                 ;
; Auto RAM Replacement                                                       ; On                 ; On                 ;
; Auto DSP Block Replacement                                                 ; On                 ; On                 ;
; Auto Shift Register Replacement                                            ; Auto               ; Auto               ;
; Allow Shift Register Merging across Hierarchies                            ; Auto               ; Auto               ;
; Auto Clock Enable Replacement                                              ; On                 ; On                 ;
; Strict RAM Replacement                                                     ; Off                ; Off                ;
; Allow Synchronous Control Signals                                          ; On                 ; On                 ;
; Force Use of Synchronous Clear Signals                                     ; Off                ; Off                ;
; Auto RAM Block Balancing                                                   ; On                 ; On                 ;
; Auto RAM to Logic Cell Conversion                                          ; Off                ; Off                ;
; Auto Resource Sharing                                                      ; Off                ; Off                ;
; Allow Any RAM Size For Recognition                                         ; Off                ; Off                ;
; Allow Any ROM Size For Recognition                                         ; Off                ; Off                ;
; Allow Any Shift Register Size For Recognition                              ; Off                ; Off                ;
; Use LogicLock Constraints during Resource Balancing                        ; On                 ; On                 ;
; Ignore translate_off and synthesis_off directives                          ; Off                ; Off                ;
; Timing-Driven Synthesis                                                    ; On                 ; On                 ;
; Report Parameter Settings                                                  ; On                 ; On                 ;
; Report Source Assignments                                                  ; On                 ; On                 ;
; Report Connectivity Checks                                                 ; On                 ; On                 ;
; Ignore Maximum Fan-Out Assignments                                         ; Off                ; Off                ;
; Synchronization Register Chain Length                                      ; 2                  ; 2                  ;
; PowerPlay Power Optimization                                               ; Normal compilation ; Normal compilation ;
; HDL message level                                                          ; Level2             ; Level2             ;
; Suppress Register Optimization Related Messages                            ; Off                ; Off                ;
; Number of Removed Registers Reported in Synthesis Report                   ; 5000               ; 5000               ;
; Number of Swept Nodes Reported in Synthesis Report                         ; 5000               ; 5000               ;
; Number of Inverted Registers Reported in Synthesis Report                  ; 100                ; 100                ;
; Clock MUX Protection                                                       ; On                 ; On                 ;
; Auto Gated Clock Conversion                                                ; Off                ; Off                ;
; Block Design Naming                                                        ; Auto               ; Auto               ;
; SDC constraint protection                                                  ; Off                ; Off                ;
; Synthesis Effort                                                           ; Auto               ; Auto               ;
; Shift Register Replacement - Allow Asynchronous Clear Signal               ; On                 ; On                 ;
; Pre-Mapping Resynthesis Optimization                                       ; Off                ; Off                ;
; Analysis & Synthesis Message Level                                         ; Medium             ; Medium             ;
; Disable Register Merging Across Hierarchies                                ; Auto               ; Auto               ;
; Resource Aware Inference For Block RAM                                     ; On                 ; On                 ;
; Synthesis Seed                                                             ; 1                  ; 1                  ;
+----------------------------------------------------------------------------+--------------------+--------------------+


Parallel compilation was disabled, but you have multiple processors available. Enable parallel compilation to reduce compilation time.
+-------------------------------------+
; Parallel Compilation                ;
+----------------------------+--------+
; Processors                 ; Number ;
+----------------------------+--------+
; Number detected on machine ; 4      ;
; Maximum allowed            ; 1      ;
+----------------------------+--------+


+-----------------------------------------------------------------------------------------------------------------------------------------------------------------------------------------------------------------------------+
; Analysis & Synthesis Source Files Read                                                                                                                                                                                      ;
+--------------------------------------------------------+-----------------+-----------------+----------------------------------------------------------------------------------------------------------------------+---------+
; File Name with User-Entered Path                       ; Used in Netlist ; File Type       ; File Name with Absolute Path                                                                                         ; Library ;
+--------------------------------------------------------+-----------------+-----------------+----------------------------------------------------------------------------------------------------------------------+---------+
; UART Transmitter/UART_transmitter/UART_Transmitter.vhd ; yes             ; User VHDL File  ; C:/Carlos Perez Araujo  School-work/Proyectos Personales/UART/UART Transmitter/UART_transmitter/UART_Transmitter.vhd ;         ;
; UART Receiver/UART_receiver/UART_Receiver.vhd          ; yes             ; User VHDL File  ; C:/Carlos Perez Araujo  School-work/Proyectos Personales/UART/UART Receiver/UART_receiver/UART_Receiver.vhd          ;         ;
; UART Controller/UART_controller/UART_Top_entity.vhd    ; yes             ; User VHDL File  ; C:/Carlos Perez Araujo  School-work/Proyectos Personales/UART/UART Controller/UART_controller/UART_Top_entity.vhd    ;         ;
+--------------------------------------------------------+-----------------+-----------------+----------------------------------------------------------------------------------------------------------------------+---------+


+---------------------------------------------------------+
; Analysis & Synthesis Resource Usage Summary             ;
+---------------------------------------------+-----------+
; Resource                                    ; Usage     ;
+---------------------------------------------+-----------+
; Estimated Total logic elements              ; 135       ;
;                                             ;           ;
; Total combinational functions               ; 133       ;
; Logic element usage by number of LUT inputs ;           ;
;     -- 4 input functions                    ; 34        ;
;     -- 3 input functions                    ; 23        ;
;     -- <=2 input functions                  ; 76        ;
;                                             ;           ;
; Logic elements by mode                      ;           ;
;     -- normal mode                          ; 84        ;
;     -- arithmetic mode                      ; 49        ;
;                                             ;           ;
; Total registers                             ; 91        ;
;     -- Dedicated logic registers            ; 91        ;
;     -- I/O registers                        ; 0         ;
;                                             ;           ;
; I/O pins                                    ; 23        ;
; Embedded Multiplier 9-bit elements          ; 0         ;
; Maximum fan-out node                        ; clk~input ;
; Maximum fan-out                             ; 91        ;
; Total fan-out                               ; 652       ;
; Average fan-out                             ; 2.41      ;
+---------------------------------------------+-----------+


+--------------------------------------------------------------------------------------------------------------------------------------------------------------------------------------------------------------+
; Analysis & Synthesis Resource Utilization by Entity                                                                                                                                                          ;
+-----------------------------------+-------------------+--------------+-------------+--------------+---------+-----------+------+--------------+-----------------------------------------------+--------------+
; Compilation Hierarchy Node        ; LC Combinationals ; LC Registers ; Memory Bits ; DSP Elements ; DSP 9x9 ; DSP 18x18 ; Pins ; Virtual Pins ; Full Hierarchy Name                           ; Library Name ;
+-----------------------------------+-------------------+--------------+-------------+--------------+---------+-----------+------+--------------+-----------------------------------------------+--------------+
; |UART_Top_entity                  ; 133 (0)           ; 91 (0)       ; 0           ; 0            ; 0       ; 0         ; 23   ; 0            ; |UART_Top_entity                              ; work         ;
;    |UART_Receiver:receiver|       ; 62 (62)           ; 44 (44)      ; 0           ; 0            ; 0       ; 0         ; 0    ; 0            ; |UART_Top_entity|UART_Receiver:receiver       ; work         ;
;    |UART_Transmitter:transmitter| ; 71 (71)           ; 47 (47)      ; 0           ; 0            ; 0       ; 0         ; 0    ; 0            ; |UART_Top_entity|UART_Transmitter:transmitter ; work         ;
+-----------------------------------+-------------------+--------------+-------------+--------------+---------+-----------+------+--------------+-----------------------------------------------+--------------+
Note: For table entries with two numbers listed, the numbers in parentheses indicate the number of resources of the given type used by the specific entity alone. The numbers listed outside of parentheses indicate the total resources of the given type used by the specific entity and all of its sub-entities in the hierarchy.


Encoding Type:  One-Hot
+-----------------------------------------------------------------------------------------------------------------------+
; State Machine - |UART_Top_entity|UART_Receiver:receiver|state                                                         ;
+----------------------------+------------------+-----------------------+----------------------------+------------------+
; Name                       ; state.done_state ; state.read_bits_state ; state.read_start_bit_state ; state.init_state ;
+----------------------------+------------------+-----------------------+----------------------------+------------------+
; state.init_state           ; 0                ; 0                     ; 0                          ; 0                ;
; state.read_start_bit_state ; 0                ; 0                     ; 1                          ; 1                ;
; state.read_bits_state      ; 0                ; 1                     ; 0                          ; 1                ;
; state.done_state           ; 1                ; 0                     ; 0                          ; 1                ;
+----------------------------+------------------+-----------------------+----------------------------+------------------+


Encoding Type:  One-Hot
+---------------------------------------------------------------------+
; State Machine - |UART_Top_entity|UART_Transmitter:transmitter|state ;
+-------------+-------------+------------+----------------------------+
; Name        ; state.shift ; state.load ; state.init                 ;
+-------------+-------------+------------+----------------------------+
; state.init  ; 0           ; 0          ; 0                          ;
; state.load  ; 0           ; 1          ; 1                          ;
; state.shift ; 1           ; 0          ; 1                          ;
+-------------+-------------+------------+----------------------------+


+----------------------------------------------------------------------------------------------------------------------+
; User-Specified and Inferred Latches                                                                                  ;
+----------------------------------------------------+----------------------------------------+------------------------+
; Latch Name                                         ; Latch Enable Signal                    ; Free of Timing Hazards ;
+----------------------------------------------------+----------------------------------------+------------------------+
; UART_Transmitter:transmitter|delay_clock           ; UART_Transmitter:transmitter|Selector3 ; yes                    ;
; Number of user-specified and inferred latches = 1  ;                                        ;                        ;
+----------------------------------------------------+----------------------------------------+------------------------+
Note: All latches listed above may not be present at the end of synthesis due to various synthesis optimizations.


+-----------------------------------------------------------------------------------+
; Registers Removed During Synthesis                                                ;
+------------------------------------------+----------------------------------------+
; Register name                            ; Reason for Removal                     ;
+------------------------------------------+----------------------------------------+
; UART_Transmitter:transmitter|data_reg[9] ; Stuck at VCC due to stuck port data_in ;
; Total Number of Removed Registers = 1    ;                                        ;
+------------------------------------------+----------------------------------------+


+------------------------------------------------------+
; General Register Statistics                          ;
+----------------------------------------------+-------+
; Statistic                                    ; Value ;
+----------------------------------------------+-------+
; Total registers                              ; 91    ;
; Number of registers using Synchronous Clear  ; 40    ;
; Number of registers using Synchronous Load   ; 0     ;
; Number of registers using Asynchronous Clear ; 0     ;
; Number of registers using Asynchronous Load  ; 0     ;
; Number of registers using Clock Enable       ; 45    ;
; Number of registers using Preset             ; 0     ;
+----------------------------------------------+-------+


+----------------------------------------------------+
; Inverted Register Statistics                       ;
+------------------------------------------+---------+
; Inverted Register                        ; Fan out ;
+------------------------------------------+---------+
; UART_Transmitter:transmitter|data_reg[0] ; 1       ;
; UART_Transmitter:transmitter|data_reg[1] ; 1       ;
; UART_Transmitter:transmitter|data_reg[2] ; 1       ;
; UART_Transmitter:transmitter|data_reg[3] ; 1       ;
; UART_Transmitter:transmitter|data_reg[4] ; 1       ;
; UART_Transmitter:transmitter|data_reg[5] ; 1       ;
; UART_Transmitter:transmitter|data_reg[6] ; 1       ;
; UART_Transmitter:transmitter|data_reg[7] ; 1       ;
; UART_Transmitter:transmitter|data_reg[8] ; 1       ;
; Total number of inverted registers = 9   ;         ;
+------------------------------------------+---------+


+----------------------------------------------------------------------------------------------------------------------------------------------------------------------------------+
; Multiplexer Restructuring Statistics (Restructuring Performed)                                                                                                                   ;
+--------------------+-----------+---------------+----------------------+------------------------+------------+--------------------------------------------------------------------+
; Multiplexer Inputs ; Bus Width ; Baseline Area ; Area if Restructured ; Saving if Restructured ; Registered ; Example Multiplexer Output                                         ;
+--------------------+-----------+---------------+----------------------+------------------------+------------+--------------------------------------------------------------------+
; 3:1                ; 12 bits   ; 24 LEs        ; 12 LEs               ; 12 LEs                 ; Yes        ; |UART_Top_entity|UART_Receiver:receiver|start_bit_counter[2]       ;
; 3:1                ; 13 bits   ; 26 LEs        ; 13 LEs               ; 13 LEs                 ; Yes        ; |UART_Top_entity|UART_Receiver:receiver|bit_counter[6]             ;
; 3:1                ; 4 bits    ; 8 LEs         ; 4 LEs                ; 4 LEs                  ; Yes        ; |UART_Top_entity|UART_Receiver:receiver|number_bits[3]             ;
; 3:1                ; 9 bits    ; 18 LEs        ; 9 LEs                ; 9 LEs                  ; Yes        ; |UART_Top_entity|UART_Receiver:receiver|data_reg[1]                ;
; 3:1                ; 12 bits   ; 24 LEs        ; 12 LEs               ; 12 LEs                 ; Yes        ; |UART_Top_entity|UART_Transmitter:transmitter|clk_delay_counter[9] ;
; 4:1                ; 4 bits    ; 8 LEs         ; 4 LEs                ; 4 LEs                  ; Yes        ; |UART_Top_entity|UART_Transmitter:transmitter|number_bits[0]       ;
; 3:1                ; 8 bits    ; 16 LEs        ; 8 LEs                ; 8 LEs                  ; Yes        ; |UART_Top_entity|UART_Transmitter:transmitter|data_reg[1]          ;
+--------------------+-----------+---------------+----------------------+------------------------+------------+--------------------------------------------------------------------+


+---------------------------------------------------------------------------------+
; Parameter Settings for User Entity Instance: Top-level Entity: |UART_Top_entity ;
+----------------+----------+-----------------------------------------------------+
; Parameter Name ; Value    ; Type                                                ;
+----------------+----------+-----------------------------------------------------+
; baud           ; 9600     ; Signed Integer                                      ;
; clk_freq       ; 50000000 ; Signed Integer                                      ;
+----------------+----------+-----------------------------------------------------+
Note: In order to hide this table in the UI and the text report file, please set the "Show Parameter Settings in Synthesis Report" option in "Analysis and Synthesis Settings -> More Settings" to "Off".


+---------------------------------------------------------------------------+
; Parameter Settings for User Entity Instance: UART_Transmitter:transmitter ;
+----------------+----------+-----------------------------------------------+
; Parameter Name ; Value    ; Type                                          ;
+----------------+----------+-----------------------------------------------+
; baud           ; 9600     ; Signed Integer                                ;
; clk_rate       ; 50000000 ; Signed Integer                                ;
+----------------+----------+-----------------------------------------------+
Note: In order to hide this table in the UI and the text report file, please set the "Show Parameter Settings in Synthesis Report" option in "Analysis and Synthesis Settings -> More Settings" to "Off".


+---------------------------------------------------------------------+
; Parameter Settings for User Entity Instance: UART_Receiver:receiver ;
+----------------+----------+-----------------------------------------+
; Parameter Name ; Value    ; Type                                    ;
+----------------+----------+-----------------------------------------+
; baud           ; 9600     ; Signed Integer                          ;
; clk_rate       ; 50000000 ; Signed Integer                          ;
+----------------+----------+-----------------------------------------+
Note: In order to hide this table in the UI and the text report file, please set the "Show Parameter Settings in Synthesis Report" option in "Analysis and Synthesis Settings -> More Settings" to "Off".


+-------------------------------+
; Elapsed Time Per Partition    ;
+----------------+--------------+
; Partition Name ; Elapsed Time ;
+----------------+--------------+
; Top            ; 00:00:00     ;
+----------------+--------------+


+-------------------------------+
; Analysis & Synthesis Messages ;
+-------------------------------+
Info: *******************************************************************
Info: Running Quartus II 64-Bit Analysis & Synthesis
    Info: Version 13.1.0 Build 162 10/23/2013 SJ Web Edition
    Info: Processing started: Sat Feb 25 15:50:33 2017
Info: Command: quartus_map --read_settings_files=on --write_settings_files=off UART -c UART
Warning (20028): Parallel compilation is not licensed and has been disabled
Info (12021): Found 2 design units, including 1 entities, in source file uart transmitter/uart_transmitter/uart_transmitter.vhd
    Info (12022): Found design unit 1: UART_Transmitter-behavior
    Info (12023): Found entity 1: UART_Transmitter
Info (12021): Found 2 design units, including 1 entities, in source file uart transmitter/uart_transmitter/uart_transmittertb.vhd
    Info (12022): Found design unit 1: UART_TransmitterTB-test
    Info (12023): Found entity 1: UART_TransmitterTB
Info (12021): Found 2 design units, including 1 entities, in source file uart receiver/uart_receiver/uart_receiver.vhd
    Info (12022): Found design unit 1: UART_Receiver-behavior
    Info (12023): Found entity 1: UART_Receiver
Info (12021): Found 2 design units, including 1 entities, in source file uart receiver/uart_receiver/uart_receivertb.vhd
    Info (12022): Found design unit 1: UART_ReceiverTB-test
    Info (12023): Found entity 1: UART_ReceiverTB
Info (12021): Found 2 design units, including 1 entities, in source file uart controller/uart_controller/uart_top_entity.vhd
    Info (12022): Found design unit 1: UART_Top_entity-behavior
    Info (12023): Found entity 1: UART_Top_entity
Info (12127): Elaborating entity "UART_Top_entity" for the top level hierarchy
Info (12128): Elaborating entity "UART_Transmitter" for hierarchy "UART_Transmitter:transmitter"
Warning (10631): VHDL Process Statement warning at UART_Transmitter.vhd(110): inferring latch(es) for signal or variable "delay_clock", which holds its previous value in one or more paths through the process
Info (10041): Inferred latch for "delay_clock" at UART_Transmitter.vhd(110)
Info (12128): Elaborating entity "UART_Receiver" for hierarchy "UART_Receiver:receiver"
Warning (13012): Latch UART_Transmitter:transmitter|delay_clock has unsafe behavior
    Warning (13013): Ports D and ENA on the latch are fed by the same signal UART_Transmitter:transmitter|state.shift
Info (286030): Timing-Driven Synthesis is running
Info (16010): Generating hard_block partition "hard_block:auto_generated_inst"
    Info (16011): Adding 0 node(s), including 0 DDIO, 0 PLL, 0 transceiver and 0 LCELL
Info (21057): Implemented 159 device resources after synthesis - the final resource count might be different
    Info (21058): Implemented 12 input pins
    Info (21059): Implemented 11 output pins
    Info (21061): Implemented 136 logic cells
Info: Quartus II 64-Bit Analysis & Synthesis was successful. 0 errors, 4 warnings
    Info: Peak virtual memory: 547 megabytes
    Info: Processing ended: Sat Feb 25 15:50:36 2017
    Info: Elapsed time: 00:00:03
    Info: Total CPU time (on all processors): 00:00:02


